<!DOCTYPE html>
<html lang="en">
  <head>
    <meta charset="utf-8">
    <meta name="viewport" content="width=device-width, initial-scale=1">
    <title>Coq bench</title>
    <link rel="shortcut icon" type="image/png" href="../../../../../favicon.png" />
    <link href="../../../../../bootstrap.min.css" rel="stylesheet">
    <link href="//maxcdn.bootstrapcdn.com/font-awesome/4.2.0/css/font-awesome.min.css" rel="stylesheet">
    <script src="../../../../../moment.min.js"></script>
    <!-- HTML5 Shim and Respond.js IE8 support of HTML5 elements and media queries -->
    <!-- WARNING: Respond.js doesn't work if you view the page via file:// -->
    <!--[if lt IE 9]>
      <script src="https://oss.maxcdn.com/html5shiv/3.7.2/html5shiv.min.js"></script>
      <script src="https://oss.maxcdn.com/respond/1.4.2/respond.min.js"></script>
    <![endif]-->
  </head>
  <body>
    <div class="container">
      <div class="navbar navbar-default" role="navigation">
        <div class="container-fluid">
          <div class="navbar-header">
            <button type="button" class="navbar-toggle collapsed" data-toggle="collapse" data-target="#navbar" aria-expanded="false" aria-controls="navbar">
              <span class="sr-only">Toggle navigation</span>
              <span class="icon-bar"></span>
              <span class="icon-bar"></span>
              <span class="icon-bar"></span>
            </button>
            <a class="navbar-brand" href="../../../../.."><i class="fa fa-lg fa-flag-checkered"></i>  Coq bench</a>
          </div>
          <div id="navbar" class="collapse navbar-collapse">
            <ul class="nav navbar-nav">
              <li><a href="../../..">Unstable</a></li>
              <li><a href=".">8.4pl4 / contrib:topology dev</a></li>
              <li class="active"><a href="">2014-11-14 02:22:20</a></li>
            </ul>
            <ul class="nav navbar-nav navbar-right">
              <li><a href="../../../../../about.html">About</a></li>
            </ul>
          </div>
        </div>
      </div>
      <div class="article">
        <div class="row">
          <div class="col-md-12">
            <a href=".">« Up</a>
            <h1>
              contrib:topology
              <small>
                dev
                <span class="label label-danger">Error</span>
              </small>
            </h1>
            <em><script>document.write(moment("2014-11-14 02:22:20 +0000", "YYYY-MM-DD HH:mm:ss Z").fromNow());</script> (2014-11-14 02:22:20 UTC)</em>
            <h2>Dry install</h2>
            <p>Dry install with the current Coq version:</p>
            <dl class="dl-horizontal">
              <dt>Command</dt>
              <dd><code>opam install -y --dry-run coq:contrib:topology.dev coq.8.4pl4</code></dd>
              <dt>Return code</dt>
              <dd>0</dd>
              <dt>Duration</dt>
              <dd>1 s</dd>
              <dt>Output</dt>
              <dd><pre>[NOTE] Package coq is already installed (current version is 8.4pl4).
The following actions will be performed:
 - install   coq:contrib:topology.dev
=== 1 to install ===
=-=- Synchronizing package archives -=-=-=-=-=-=-=-=-=-=-=-=-=-=-=-=-=-=-=-=-=-=
=-=- Installing packages =-=-=-=-=-=-=-=-=-=-=-=-=-=-=-=-=-=-=-=-=-=-=-=-=-=-=-=
Building coq:contrib:topology.dev:
  make -j4
  make install
Installing coq:contrib:topology.dev.
</pre></dd>
            </dl>
            <p>Dry install without Coq, to test if the problem was incompatibility with the current Coq version:</p>
            <dl class="dl-horizontal">
              <dt>Command</dt>
              <dd><code>true</code></dd>
              <dt>Return code</dt>
              <dd>0</dd>
              <dt>Duration</dt>
              <dd>0 s</dd>
              <dt>Output</dt>
              <dd><pre></pre></dd>
            </dl>
            <h2>Install dependencies</h2>
            <dl class="dl-horizontal">
              <dt>Command</dt>
              <dd><code>opam install -y --deps-only coq:contrib:topology.dev</code></dd>
              <dt>Return code</dt>
              <dd>0</dd>
              <dt>Duration</dt>
              <dd>1 s</dd>
              <dt>Output</dt>
              <dd><pre></pre></dd>
            </dl>
            <h2>Install</h2>
            <dl class="dl-horizontal">
              <dt>Command</dt>
              <dd><code>opam install -y --verbose coq:contrib:topology.dev</code></dd>
              <dt>Return code</dt>
              <dd>1024</dd>
              <dt>Duration</dt>
              <dd>1 s</dd>
              <dt>Output</dt>
              <dd><pre>The following actions will be performed:
 - install   coq:contrib:topology.dev
=== 1 to install ===
=-=- Synchronizing package archives -=-=-=-=-=-=-=-=-=-=-=-=-=-=-=-=-=-=-=-=-=-=
[coq:contrib:topology] Fetching git://ns360531.ip-91-121-163.eu/topology.git
Initialized empty Git repository in /home/bench/.opam/packages.dev/coq:contrib:topology.dev/.git/
[master (root-commit) f9b9c28] opam-git-init
warning: no common commits
From git://ns360531.ip-91-121-163.eu/topology
 * [new ref]                    -&gt; opam-ref
COPYING
Compactness.v
Completeness.v
Completion.v
Connectedness.v
Continuity.v
ContinuousFactorization.v
CountabilityAxioms.v
DirectedSets.v
FilterLimits.v
Filters.v
FiltersAndNets.v
Homeomorphisms.v
InteriorsClosures.v
Make
Makefile
MetricSpaces.v
NeighborhoodBases.v
Neighborhoods.v
Nets.v
OpenBases.v
OrderTopology.v
ProductTopology.v
README
RFuncContinuity.v
RTopology.v
RationalsInReals.v
SeparatednessAxioms.v
StrongTopology.v
Subbases.v
SubspaceTopology.v
SupInf.v
TietzeExtension.v
TopologicalSpaces.v
UniformTopology.v
UrysohnsLemma.v
WeakTopology.v
description
HEAD is now at c77b4a5 Adapting to new binding of binders to ltac variables. There were here
=-=- Installing packages =-=-=-=-=-=-=-=-=-=-=-=-=-=-=-=-=-=-=-=-=-=-=-=-=-=-=-=
Building coq:contrib:topology.dev:
  make -j4
  make install
coqdep -c -slash -R . Topology -R ../ZornsLemma ZornsLemma &quot;WeakTopology.v&quot; &gt; &quot;WeakTopology.v.d&quot; || ( RV=$?; rm -f &quot;WeakTopology.v.d&quot;; exit ${RV} )
coqdep -c -slash -R . Topology -R ../ZornsLemma ZornsLemma &quot;UrysohnsLemma.v&quot; &gt; &quot;UrysohnsLemma.v.d&quot; || ( RV=$?; rm -f &quot;UrysohnsLemma.v.d&quot;; exit ${RV} )
coqdep -c -slash -R . Topology -R ../ZornsLemma ZornsLemma &quot;UniformTopology.v&quot; &gt; &quot;UniformTopology.v.d&quot; || ( RV=$?; rm -f &quot;UniformTopology.v.d&quot;; exit ${RV} )
coqdep -c -slash -R . Topology -R ../ZornsLemma ZornsLemma &quot;TopologicalSpaces.v&quot; &gt; &quot;TopologicalSpaces.v.d&quot; || ( RV=$?; rm -f &quot;TopologicalSpaces.v.d&quot;; exit ${RV} )
coqdep: &quot;opendir&quot; failed on &quot;../ZornsLemma&quot;: No such file or directory
coqdep: &quot;opendir&quot; failed on &quot;../ZornsLemma&quot;: No such file or directory
coqdep: &quot;opendir&quot; failed on &quot;../ZornsLemma&quot;: No such file or directory
coqdep: &quot;opendir&quot; failed on &quot;../ZornsLemma&quot;: No such file or directory
coqdep -c -slash -R . Topology -R ../ZornsLemma ZornsLemma &quot;TietzeExtension.v&quot; &gt; &quot;TietzeExtension.v.d&quot; || ( RV=$?; rm -f &quot;TietzeExtension.v.d&quot;; exit ${RV} )
coqdep -c -slash -R . Topology -R ../ZornsLemma ZornsLemma &quot;SupInf.v&quot; &gt; &quot;SupInf.v.d&quot; || ( RV=$?; rm -f &quot;SupInf.v.d&quot;; exit ${RV} )
coqdep -c -slash -R . Topology -R ../ZornsLemma ZornsLemma &quot;SubspaceTopology.v&quot; &gt; &quot;SubspaceTopology.v.d&quot; || ( RV=$?; rm -f &quot;SubspaceTopology.v.d&quot;; exit ${RV} )
coqdep -c -slash -R . Topology -R ../ZornsLemma ZornsLemma &quot;Subbases.v&quot; &gt; &quot;Subbases.v.d&quot; || ( RV=$?; rm -f &quot;Subbases.v.d&quot;; exit ${RV} )
coqdep: &quot;opendir&quot; failed on &quot;../ZornsLemma&quot;: No such file or directory
coqdep: &quot;opendir&quot; failed on &quot;../ZornsLemma&quot;: No such file or directory
coqdep: &quot;opendir&quot; failed on &quot;../ZornsLemma&quot;: No such file or directory
coqdep -c -slash -R . Topology -R ../ZornsLemma ZornsLemma &quot;StrongTopology.v&quot; &gt; &quot;StrongTopology.v.d&quot; || ( RV=$?; rm -f &quot;StrongTopology.v.d&quot;; exit ${RV} )
coqdep -c -slash -R . Topology -R ../ZornsLemma ZornsLemma &quot;SeparatednessAxioms.v&quot; &gt; &quot;SeparatednessAxioms.v.d&quot; || ( RV=$?; rm -f &quot;SeparatednessAxioms.v.d&quot;; exit ${RV} )
coqdep: &quot;opendir&quot; failed on &quot;../ZornsLemma&quot;: No such file or directory
coqdep -c -slash -R . Topology -R ../ZornsLemma ZornsLemma &quot;RTopology.v&quot; &gt; &quot;RTopology.v.d&quot; || ( RV=$?; rm -f &quot;RTopology.v.d&quot;; exit ${RV} )
coqdep -c -slash -R . Topology -R ../ZornsLemma ZornsLemma &quot;RFuncContinuity.v&quot; &gt; &quot;RFuncContinuity.v.d&quot; || ( RV=$?; rm -f &quot;RFuncContinuity.v.d&quot;; exit ${RV} )
coqdep: &quot;opendir&quot; failed on &quot;../ZornsLemma&quot;: No such file or directory
coqdep: &quot;opendir&quot; failed on &quot;../ZornsLemma&quot;: No such file or directory
coqdep -c -slash -R . Topology -R ../ZornsLemma ZornsLemma &quot;RationalsInReals.v&quot; &gt; &quot;RationalsInReals.v.d&quot; || ( RV=$?; rm -f &quot;RationalsInReals.v.d&quot;; exit ${RV} )
coqdep: &quot;opendir&quot; failed on &quot;../ZornsLemma&quot;: No such file or directory
coqdep: &quot;opendir&quot; failed on &quot;../ZornsLemma&quot;: No such file or directory
coqdep -c -slash -R . Topology -R ../ZornsLemma ZornsLemma &quot;ProductTopology.v&quot; &gt; &quot;ProductTopology.v.d&quot; || ( RV=$?; rm -f &quot;ProductTopology.v.d&quot;; exit ${RV} )
coqdep -c -slash -R . Topology -R ../ZornsLemma ZornsLemma &quot;OrderTopology.v&quot; &gt; &quot;OrderTopology.v.d&quot; || ( RV=$?; rm -f &quot;OrderTopology.v.d&quot;; exit ${RV} )
coqdep -c -slash -R . Topology -R ../ZornsLemma ZornsLemma &quot;OpenBases.v&quot; &gt; &quot;OpenBases.v.d&quot; || ( RV=$?; rm -f &quot;OpenBases.v.d&quot;; exit ${RV} )
coqdep: &quot;opendir&quot; failed on &quot;../ZornsLemma&quot;: No such file or directory
coqdep: &quot;opendir&quot; failed on &quot;../ZornsLemma&quot;: No such file or directory
coqdep: &quot;opendir&quot; failed on &quot;../ZornsLemma&quot;: No such file or directory
coqdep -c -slash -R . Topology -R ../ZornsLemma ZornsLemma &quot;Nets.v&quot; &gt; &quot;Nets.v.d&quot; || ( RV=$?; rm -f &quot;Nets.v.d&quot;; exit ${RV} )
coqdep: &quot;opendir&quot; failed on &quot;../ZornsLemma&quot;: No such file or directory
coqdep -c -slash -R . Topology -R ../ZornsLemma ZornsLemma &quot;Neighborhoods.v&quot; &gt; &quot;Neighborhoods.v.d&quot; || ( RV=$?; rm -f &quot;Neighborhoods.v.d&quot;; exit ${RV} )
coqdep -c -slash -R . Topology -R ../ZornsLemma ZornsLemma &quot;NeighborhoodBases.v&quot; &gt; &quot;NeighborhoodBases.v.d&quot; || ( RV=$?; rm -f &quot;NeighborhoodBases.v.d&quot;; exit ${RV} )
coqdep -c -slash -R . Topology -R ../ZornsLemma ZornsLemma &quot;MetricSpaces.v&quot; &gt; &quot;MetricSpaces.v.d&quot; || ( RV=$?; rm -f &quot;MetricSpaces.v.d&quot;; exit ${RV} )
coqdep: &quot;opendir&quot; failed on &quot;../ZornsLemma&quot;: No such file or directory
coqdep: &quot;opendir&quot; failed on &quot;../ZornsLemma&quot;: No such file or directory
coqdep: &quot;opendir&quot; failed on &quot;../ZornsLemma&quot;: No such file or directory
coqdep: &quot;opendir&quot; failed on &quot;../ZornsLemma&quot;: No such file or directory
coqdep -c -slash -R . Topology -R ../ZornsLemma ZornsLemma &quot;InteriorsClosures.v&quot; &gt; &quot;InteriorsClosures.v.d&quot; || ( RV=$?; rm -f &quot;InteriorsClosures.v.d&quot;; exit ${RV} )
coqdep -c -slash -R . Topology -R ../ZornsLemma ZornsLemma &quot;Homeomorphisms.v&quot; &gt; &quot;Homeomorphisms.v.d&quot; || ( RV=$?; rm -f &quot;Homeomorphisms.v.d&quot;; exit ${RV} )
coqdep -c -slash -R . Topology -R ../ZornsLemma ZornsLemma &quot;Filters.v&quot; &gt; &quot;Filters.v.d&quot; || ( RV=$?; rm -f &quot;Filters.v.d&quot;; exit ${RV} )
coqdep -c -slash -R . Topology -R ../ZornsLemma ZornsLemma &quot;FiltersAndNets.v&quot; &gt; &quot;FiltersAndNets.v.d&quot; || ( RV=$?; rm -f &quot;FiltersAndNets.v.d&quot;; exit ${RV} )
coqdep: &quot;opendir&quot; failed on &quot;../ZornsLemma&quot;: No such file or directory
coqdep: &quot;opendir&quot; failed on &quot;../ZornsLemma&quot;: No such file or directory
coqdep: &quot;opendir&quot; failed on &quot;../ZornsLemma&quot;: No such file or directory
coqdep -c -slash -R . Topology -R ../ZornsLemma ZornsLemma &quot;FilterLimits.v&quot; &gt; &quot;FilterLimits.v.d&quot; || ( RV=$?; rm -f &quot;FilterLimits.v.d&quot;; exit ${RV} )
coqdep: &quot;opendir&quot; failed on &quot;../ZornsLemma&quot;: No such file or directory
coqdep -c -slash -R . Topology -R ../ZornsLemma ZornsLemma &quot;DirectedSets.v&quot; &gt; &quot;DirectedSets.v.d&quot; || ( RV=$?; rm -f &quot;DirectedSets.v.d&quot;; exit ${RV} )
coqdep -c -slash -R . Topology -R ../ZornsLemma ZornsLemma &quot;CountabilityAxioms.v&quot; &gt; &quot;CountabilityAxioms.v.d&quot; || ( RV=$?; rm -f &quot;CountabilityAxioms.v.d&quot;; exit ${RV} )
coqdep -c -slash -R . Topology -R ../ZornsLemma ZornsLemma &quot;ContinuousFactorization.v&quot; &gt; &quot;ContinuousFactorization.v.d&quot; || ( RV=$?; rm -f &quot;ContinuousFactorization.v.d&quot;; exit ${RV} )
coqdep: &quot;opendir&quot; failed on &quot;../ZornsLemma&quot;: No such file or directory
coqdep: &quot;opendir&quot; failed on &quot;../ZornsLemma&quot;: No such file or directory
coqdep -c -slash -R . Topology -R ../ZornsLemma ZornsLemma &quot;Continuity.v&quot; &gt; &quot;Continuity.v.d&quot; || ( RV=$?; rm -f &quot;Continuity.v.d&quot;; exit ${RV} )
coqdep: &quot;opendir&quot; failed on &quot;../ZornsLemma&quot;: No such file or directory
coqdep -c -slash -R . Topology -R ../ZornsLemma ZornsLemma &quot;Connectedness.v&quot; &gt; &quot;Connectedness.v.d&quot; || ( RV=$?; rm -f &quot;Connectedness.v.d&quot;; exit ${RV} )
coqdep: &quot;opendir&quot; failed on &quot;../ZornsLemma&quot;: No such file or directory
coqdep -c -slash -R . Topology -R ../ZornsLemma ZornsLemma &quot;Completion.v&quot; &gt; &quot;Completion.v.d&quot; || ( RV=$?; rm -f &quot;Completion.v.d&quot;; exit ${RV} )
coqdep -c -slash -R . Topology -R ../ZornsLemma ZornsLemma &quot;Completeness.v&quot; &gt; &quot;Completeness.v.d&quot; || ( RV=$?; rm -f &quot;Completeness.v.d&quot;; exit ${RV} )
coqdep: &quot;opendir&quot; failed on &quot;../ZornsLemma&quot;: No such file or directory
coqdep -c -slash -R . Topology -R ../ZornsLemma ZornsLemma &quot;Compactness.v&quot; &gt; &quot;Compactness.v.d&quot; || ( RV=$?; rm -f &quot;Compactness.v.d&quot;; exit ${RV} )
coqdep: &quot;opendir&quot; failed on &quot;../ZornsLemma&quot;: No such file or directory
coqdep: &quot;opendir&quot; failed on &quot;../ZornsLemma&quot;: No such file or directory
coqdep: &quot;opendir&quot; failed on &quot;../ZornsLemma&quot;: No such file or directory
coqdep: &quot;opendir&quot; failed on &quot;../ZornsLemma&quot;: No such file or directory
coqc  -q  -R . Topology -R ../ZornsLemma ZornsLemma   Compactness
coqc  -q  -R . Topology -R ../ZornsLemma ZornsLemma   Completeness
coqc  -q  -R . Topology -R ../ZornsLemma ZornsLemma   Completion
coqc  -q  -R . Topology -R ../ZornsLemma ZornsLemma   Connectedness
Warning: Cannot open ../ZornsLemma
Warning: Cannot open ../ZornsLemma
Warning: Cannot open ../ZornsLemma
Warning: Cannot open ../ZornsLemma
File &quot;/home/bench/.opam/system/build/coq:contrib:topology.dev/Completion.v&quot;, line 1, characters 0-28:
Error: Cannot find library Completeness in loadpath
File &quot;/home/bench/.opam/system/build/coq:contrib:topology.dev/Completeness.v&quot;, line 1, characters 0-28:
Error: Cannot find library MetricSpaces in loadpath
File &quot;/home/bench/.opam/system/build/coq:contrib:topology.dev/Compactness.v&quot;, line 1, characters 0-33:
Error: Cannot find library TopologicalSpaces in loadpath
File &quot;/home/bench/.opam/system/build/coq:contrib:topology.dev/Connectedness.v&quot;, line 1, characters 0-33:
Error: Cannot find library TopologicalSpaces in loadpath
Makefile:179: recipe for target 'Completeness.vo' failed
make: *** [Completeness.vo] Error 1
make: *** Waiting for unfinished jobs....
Makefile:179: recipe for target 'Compactness.vo' failed
make: *** [Compactness.vo] Error 1
Makefile:179: recipe for target 'Completion.vo' failed
make: *** [Completion.vo] Error 1
Makefile:179: recipe for target 'Connectedness.vo' failed
make: *** [Connectedness.vo] Error 1
[ERROR] The compilation of coq:contrib:topology.dev failed.
Removing coq:contrib:topology.dev.
  rm -R /home/bench/.opam/system/lib/coq/user-contrib/Topology
rm: cannot remove '/home/bench/.opam/system/lib/coq/user-contrib/Topology': No such file or directory
#=== ERROR while installing coq:contrib:topology.dev ==========================#
# opam-version         1.2.0
# os                   linux
# command              make -j4
# path                 /home/bench/.opam/system/build/coq:contrib:topology.dev
# compiler             system (4.01.0)
# exit-code            2
# env-file             /home/bench/.opam/system/build/coq:contrib:topology.dev/coq:contrib:topology-25146-d2c37b.env
# stdout-file          /home/bench/.opam/system/build/coq:contrib:topology.dev/coq:contrib:topology-25146-d2c37b.out
# stderr-file          /home/bench/.opam/system/build/coq:contrib:topology.dev/coq:contrib:topology-25146-d2c37b.err
### stdout ###
# ...[truncated]
# File &quot;/home/bench/.opam/system/build/coq:contrib:topology.dev/Completeness.v&quot;, line 1, characters 0-28:
# Error: Cannot find library MetricSpaces in loadpath
# File &quot;/home/bench/.opam/system/build/coq:contrib:topology.dev/Compactness.v&quot;, line 1, characters 0-33:
# Error: Cannot find library TopologicalSpaces in loadpath
# File &quot;/home/bench/.opam/system/build/coq:contrib:topology.dev/Connectedness.v&quot;, line 1, characters 0-33:
# Error: Cannot find library TopologicalSpaces in loadpath
# Makefile:179: recipe for target 'Completeness.vo' failed
# Makefile:179: recipe for target 'Compactness.vo' failed
# Makefile:179: recipe for target 'Completion.vo' failed
# Makefile:179: recipe for target 'Connectedness.vo' failed
### stderr ###
# ...[truncated]
# coqdep: &quot;opendir&quot; failed on &quot;../ZornsLemma&quot;: No such file or directory
# Warning: Cannot open ../ZornsLemma
# Warning: Cannot open ../ZornsLemma
# Warning: Cannot open ../ZornsLemma
# Warning: Cannot open ../ZornsLemma
# make: *** [Completeness.vo] Error 1
# make: *** Waiting for unfinished jobs....
# make: *** [Compactness.vo] Error 1
# make: *** [Completion.vo] Error 1
# make: *** [Connectedness.vo] Error 1
'opam install -y --verbose coq:contrib:topology.dev' failed.
</pre></dd>
            </dl>
            <h2>Uninstall</h2>
            <dl class="dl-horizontal">
              <dt>Command</dt>
              <dd><code>true</code></dd>
              <dt>Return code</dt>
              <dd>0</dd>
              <dt>Duration</dt>
              <dd>0 s</dd>
              <dt>Output</dt>
              <dd><pre></pre></dd>
              <dt>Missing removes</dt>
              <dd>
                none
              </dd>
              <dt>Wrong removes</dt>
              <dd>
                none
              </dd>
            </dl>
          </div>
        </div>
      </div>
      <hr/>
      <div class="footer">
        <p class="text-center">
          <small>Sources are on <a href="https://github.com/coq-bench">GitHub</a>. © Guillaume Claret.</small>
        </p>
      </div>
    </div>
    <script src="https://ajax.googleapis.com/ajax/libs/jquery/1.11.1/jquery.min.js"></script>
    <script src="../../../../../bootstrap.min.js"></script>
  </body>
</html>