<!DOCTYPE html>
<html lang="en">
  <head>
    <meta charset="utf-8">
    <meta name="viewport" content="width=device-width, initial-scale=1">
    <title>Coq bench</title>
    <link rel="shortcut icon" type="image/png" href="../../../../../favicon.png" />
    <link href="../../../../../bootstrap.min.css" rel="stylesheet">
    <link href="//maxcdn.bootstrapcdn.com/font-awesome/4.2.0/css/font-awesome.min.css" rel="stylesheet">
    <!-- HTML5 Shim and Respond.js IE8 support of HTML5 elements and media queries -->
    <!-- WARNING: Respond.js doesn't work if you view the page via file:// -->
    <!--[if lt IE 9]>
      <script src="https://oss.maxcdn.com/html5shiv/3.7.2/html5shiv.min.js"></script>
      <script src="https://oss.maxcdn.com/respond/1.4.2/respond.min.js"></script>
    <![endif]-->
  </head>
  <body>
    <div class="container">
      <div class="navbar navbar-default" role="navigation">
        <div class="container-fluid">
          <div class="navbar-header">
            <button type="button" class="navbar-toggle collapsed" data-toggle="collapse" data-target="#navbar" aria-expanded="false" aria-controls="navbar">
              <span class="sr-only">Toggle navigation</span>
              <span class="icon-bar"></span>
              <span class="icon-bar"></span>
              <span class="icon-bar"></span>
            </button>
            <a class="navbar-brand" href="../../../../.."><i class="fa fa-lg fa-flag-checkered"></i>  Coq bench</a>
          </div>
          <div id="navbar" class="collapse navbar-collapse">
            <ul class="nav navbar-nav">
              <li><a href="../../..">Unstable</a></li>
              <li><a href=".">dev / moment dev</a></li>
              <li class="active"><a href="">2014-11-04 14:26:18</a></li>
            </ul>
            <ul class="nav navbar-nav navbar-right">
              <li><a href="../../../../../about.html">About</a></li>
            </ul>
          </div>
        </div>
      </div>
      <div class="article">
        <div class="row">
          <div class="col-md-12">
            <a href=".">« Up</a>
            <h1>
              moment
              <small>
                dev
                <span class="label label-danger">Error</span>
              </small>
            </h1>
            <em>2014-11-04 14:26:18 UTC</em>
            <h2>Dry installation</h2>
            <p>Dry installation with the current Coq version:</p>
            <dl class="dl-horizontal">
              <dt>Command</dt>
              <dd><code>opam install -y --dry-run coq:moment.dev coq.dev</code></dd>
              <dt>Return code</dt>
              <dd>0</dd>
              <dt>Duration</dt>
              <dd>1 s</dd>
              <dt>Output</dt>
              <dd><pre>[NOTE] Package coq is already installed (current version is dev).
The following actions will be performed:
 - install   coq:function-ninjas.dev               [required by coq:moment]
 - install   coq:list-string.dev                   [required by coq:moment]
 - install   coq:moment.dev
=== 3 to install ===
=-=- Synchronizing package archives -=-=-=-=-=-=-=-=-=-=-=-=-=-=-=-=-=-=-=-=-=-=
=-=- Installing packages =-=-=-=-=-=-=-=-=-=-=-=-=-=-=-=-=-=-=-=-=-=-=-=-=-=-=-=
Building coq:function-ninjas.dev:
  ./configure.sh
  make -j4
  make install
Installing coq:function-ninjas.dev.
Building coq:list-string.dev:
  ./configure.sh
  make -j4
  make install
Installing coq:list-string.dev.
Building coq:moment.dev:
  ./configure.sh
  make -j4
  make install
Installing coq:moment.dev.
</pre></dd>
            </dl>
            <p>Dry installation without Coq, to test if the problem was incompatibility with the current Coq version:</p>
            <dl class="dl-horizontal">
              <dt>Command</dt>
              <dd><code>true</code></dd>
              <dt>Return code</dt>
              <dd>0</dd>
              <dt>Duration</dt>
              <dd>0 s</dd>
              <dt>Output</dt>
              <dd><pre></pre></dd>
            </dl>
            <h2>Installation of dependencies</h2>
            <dl class="dl-horizontal">
              <dt>Command</dt>
              <dd><code>opam install -y --deps-only coq:moment.dev</code></dd>
              <dt>Return code</dt>
              <dd>0</dd>
              <dt>Duration</dt>
              <dd>22 s</dd>
              <dt>Output</dt>
              <dd><pre>The following actions will be performed:
 - install   coq:function-ninjas.dev               [required by coq:moment]
 - install   coq:list-string.dev                   [required by coq:moment]
=== 2 to install ===
=-=- Synchronizing package archives -=-=-=-=-=-=-=-=-=-=-=-=-=-=-=-=-=-=-=-=-=-=
[coq:function-ninjas.dev] Downloading https://github.com/clarus/coq-function-ninjas/archive/master.tar.gz
[coq:list-string.dev] Downloading https://github.com/clarus/coq-list-string/archive/master.tar.gz
=-=- Installing packages =-=-=-=-=-=-=-=-=-=-=-=-=-=-=-=-=-=-=-=-=-=-=-=-=-=-=-=
Building coq:list-string.dev:
  ./configure.sh
  make -j4
  make install
Building coq:function-ninjas.dev:
  ./configure.sh
  make -j4
  make install
Installing coq:function-ninjas.dev.
Installing coq:list-string.dev.
</pre></dd>
            </dl>
            <h2>Installation</h2>
            <dl class="dl-horizontal">
              <dt>Command</dt>
              <dd><code>opam install -y --verbose coq:moment.dev</code></dd>
              <dt>Return code</dt>
              <dd>1024</dd>
              <dt>Duration</dt>
              <dd>5 s</dd>
              <dt>Output</dt>
              <dd><pre>The following actions will be performed:
 - install   coq:moment.dev
=== 1 to install ===
=-=- Synchronizing package archives -=-=-=-=-=-=-=-=-=-=-=-=-=-=-=-=-=-=-=-=-=-=
[coq:moment.dev] Downloading https://github.com/clarus/coq-moment/archive/master.tar.gz
  % Total    % Received % Xferd  Average Speed   Time    Time     Time  Current
                                 Dload  Upload   Total   Spent    Left  Speed
  0     0    0     0    0     0      0      0 --:--:-- --:--:-- --:--:--     0  0     0    0     0    0     0      0      0 --:--:-- --:--:-- --:--:--     0100   125    0   125    0     0    332      0 --:--:-- --:--:-- --:--:--   332
  0     0    0  6234    0     0   7954      0 --:--:-- --:--:-- --:--:--  7954
200
=-=- Installing packages =-=-=-=-=-=-=-=-=-=-=-=-=-=-=-=-=-=-=-=-=-=-=-=-=-=-=-=
Building coq:moment.dev:
  ./configure.sh
  make -j4
  make install
&quot;coqdep&quot; -c -R &quot;.&quot; Moment &quot;All.v&quot; &gt; &quot;All.v.d&quot; || ( RV=$?; rm -f &quot;All.v.d&quot;; exit ${RV} )
&quot;coqdep&quot; -c -R &quot;.&quot; Moment &quot;Date.v&quot; &gt; &quot;Date.v.d&quot; || ( RV=$?; rm -f &quot;Date.v.d&quot;; exit ${RV} )
&quot;coqdep&quot; -c -R &quot;.&quot; Moment &quot;Moment.v&quot; &gt; &quot;Moment.v.d&quot; || ( RV=$?; rm -f &quot;Moment.v.d&quot;; exit ${RV} )
&quot;coqdep&quot; -c -R &quot;.&quot; Moment &quot;TestHelpers.v&quot; &gt; &quot;TestHelpers.v.d&quot; || ( RV=$?; rm -f &quot;TestHelpers.v.d&quot;; exit ${RV} )
&quot;coqdep&quot; -c -R &quot;.&quot; Moment &quot;Time.v&quot; &gt; &quot;Time.v.d&quot; || ( RV=$?; rm -f &quot;Time.v.d&quot;; exit ${RV} )
&quot;coqc&quot;  -q  -R &quot;.&quot; Moment   Time
&quot;coqc&quot;  -q  -R &quot;.&quot; Moment   TestHelpers
File &quot;./.coq-native/NMoment_Time.native&quot;, line 128, characters 2-53:
Error: Unbound module NFunctionNinjas_All
Error: Could not compile the library to native code. Skipping.
&quot;coqc&quot;  -q  -R &quot;.&quot; Moment   Date
File &quot;./Date.v&quot;, line 253, characters 17-30:
Syntax error: [constr:global] expected after [export_token] (in [vernac:gallina_ext]).
Makefile:228: recipe for target 'Date.vo' failed
make: *** [Date.vo] Error 1
[ERROR] The compilation of coq:moment.dev failed.
Removing coq:moment.dev.
  Nothing to do.
#=== ERROR while installing coq:moment.dev ====================================#
# opam-version         1.2.0
# os                   linux
# command              make -j4
# path                 /.opam/system/build/coq:moment.dev
# compiler             system (4.02.0)
# exit-code            2
# env-file             /.opam/system/build/coq:moment.dev/coq:moment-13097-c61e7b.env
# stdout-file          /.opam/system/build/coq:moment.dev/coq:moment-13097-c61e7b.out
# stderr-file          /.opam/system/build/coq:moment.dev/coq:moment-13097-c61e7b.err
### stdout ###
# &quot;coqdep&quot; -c -R &quot;.&quot; Moment &quot;All.v&quot; &gt; &quot;All.v.d&quot; || ( RV=$?; rm -f &quot;All.v.d&quot;; exit ${RV} )
# &quot;coqdep&quot; -c -R &quot;.&quot; Moment &quot;Date.v&quot; &gt; &quot;Date.v.d&quot; || ( RV=$?; rm -f &quot;Date.v.d&quot;; exit ${RV} )
# &quot;coqdep&quot; -c -R &quot;.&quot; Moment &quot;Moment.v&quot; &gt; &quot;Moment.v.d&quot; || ( RV=$?; rm -f &quot;Moment.v.d&quot;; exit ${RV} )
# &quot;coqdep&quot; -c -R &quot;.&quot; Moment &quot;TestHelpers.v&quot; &gt; &quot;TestHelpers.v.d&quot; || ( RV=$?; rm -f &quot;TestHelpers.v.d&quot;; exit ${RV} )
# &quot;coqdep&quot; -c -R &quot;.&quot; Moment &quot;Time.v&quot; &gt; &quot;Time.v.d&quot; || ( RV=$?; rm -f &quot;Time.v.d&quot;; exit ${RV} )
# &quot;coqc&quot;  -q  -R &quot;.&quot; Moment   Time
# &quot;coqc&quot;  -q  -R &quot;.&quot; Moment   TestHelpers
# &quot;coqc&quot;  -q  -R &quot;.&quot; Moment   Date
# Makefile:228: recipe for target 'Date.vo' failed
### stderr ###
# File &quot;./.coq-native/NMoment_Time.native&quot;, line 128, characters 2-53:
# Error: Unbound module NFunctionNinjas_All
# Error: Could not compile the library to native code. Skipping.
# File &quot;./Date.v&quot;, line 253, characters 17-30:
# Syntax error: [constr:global] expected after [export_token] (in [vernac:gallina_ext]).
# make: *** [Date.vo] Error 1
'opam install -y --verbose coq:moment.dev' failed.
</pre></dd>
            </dl>
          </div>
        </div>
      </div>
      <hr/>
      <div class="footer">
        <p class="text-center">
          <small>Sources are on <a href="https://github.com/coq-bench">GitHub</a>. © Guillaume Claret.</small>
        </p>
      </div>
    </div>
    <!-- jQuery (necessary for Bootstrap's JavaScript plugins) -->
    <script src="https://ajax.googleapis.com/ajax/libs/jquery/1.11.1/jquery.min.js"></script>
    <!-- Include all compiled plugins (below), or include individual files as needed -->
    <script src="../../../../../bootstrap.min.js"></script>
  </body>
</html>