<!DOCTYPE html>
<html lang="en">
  <head>
    <meta charset="utf-8">
    <meta name="viewport" content="width=device-width, initial-scale=1">
    <title>Coq bench</title>
    <link rel="shortcut icon" type="image/png" href="../../../../../favicon.png" />
    <link href="../../../../../bootstrap.min.css" rel="stylesheet">
    <link href="//maxcdn.bootstrapcdn.com/font-awesome/4.2.0/css/font-awesome.min.css" rel="stylesheet">
    <script src="../../../../../moment.min.js"></script>
    <!-- HTML5 Shim and Respond.js IE8 support of HTML5 elements and media queries -->
    <!-- WARNING: Respond.js doesn't work if you view the page via file:// -->
    <!--[if lt IE 9]>
      <script src="https://oss.maxcdn.com/html5shiv/3.7.2/html5shiv.min.js"></script>
      <script src="https://oss.maxcdn.com/respond/1.4.2/respond.min.js"></script>
    <![endif]-->
  </head>
  <body>
    <div class="container">
      <div class="navbar navbar-default" role="navigation">
        <div class="container-fluid">
          <div class="navbar-header">
            <button type="button" class="navbar-toggle collapsed" data-toggle="collapse" data-target="#navbar" aria-expanded="false" aria-controls="navbar">
              <span class="sr-only">Toggle navigation</span>
              <span class="icon-bar"></span>
              <span class="icon-bar"></span>
              <span class="icon-bar"></span>
            </button>
            <a class="navbar-brand" href="../../../../.."><i class="fa fa-lg fa-flag-checkered"></i>  Coq bench</a>
          </div>
          <div id="navbar" class="collapse navbar-collapse">
            <ul class="nav navbar-nav">
              <li><a href="../../..">Unstable</a></li>
              <li><a href=".">dev / coq-of-ocaml dev</a></li>
              <li class="active"><a href="">2014-11-20 00:31:02</a></li>
            </ul>
            <ul class="nav navbar-nav navbar-right">
              <li><a href="../../../../../about.html">About</a></li>
            </ul>
          </div>
        </div>
      </div>
      <div class="article">
        <div class="row">
          <div class="col-md-12">
            <a href=".">« Up</a>
            <h1>
              coq-of-ocaml
              <small>
                dev
                <span class="label label-danger">Error</span>
              </small>
            </h1>
            <em><script>document.write(moment("2014-11-20 00:31:02 +0000", "YYYY-MM-DD HH:mm:ss Z").fromNow());</script> (2014-11-20 00:31:02 UTC)</em>
            <h2>Lint</h2>
            <dl class="dl-horizontal">
              <dt>Command</dt>
              <dd><code>ruby lint.rb unstable ../unstable/packages/coq:coq-of-ocaml/coq:coq-of-ocaml.dev</code></dd>
              <dt>Return code</dt>
              <dd>0</dd>
              <dt>Duration</dt>
              <dd>0 s</dd>
              <dt>Output</dt>
              <dd><pre>The package is valid.
</pre></dd>
            </dl>
            <h2>Dry install</h2>
            <p>Dry install with the current Coq version:</p>
            <dl class="dl-horizontal">
              <dt>Command</dt>
              <dd><code>opam install -y --dry-run coq:coq-of-ocaml.dev coq.dev</code></dd>
              <dt>Return code</dt>
              <dd>0</dd>
              <dt>Duration</dt>
              <dd>1 s</dd>
              <dt>Output</dt>
              <dd><pre>[NOTE] Package coq is already installed (current version is dev).
The following actions will be performed:
 - install   ocamlfind.1.5.5                       [required by yojson, smart-print]
 - install   smart-print.0.2.0                     [required by coq:coq-of-ocaml]
 - install   easy-format.1.0.2                     [required by yojson]
 - install   cppo.1.1.2                            [required by yojson]
 - install   biniou.1.0.9                          [required by yojson]
 - install   yojson.1.1.8                          [required by coq:coq-of-ocaml]
 - install   coq:coq-of-ocaml.dev
=== 7 to install ===
=-=- Synchronizing package archives -=-=-=-=-=-=-=-=-=-=-=-=-=-=-=-=-=-=-=-=-=-=
=-=- Installing packages =-=-=-=-=-=-=-=-=-=-=-=-=-=-=-=-=-=-=-=-=-=-=-=-=-=-=-=
Building ocamlfind.1.5.5:
  ./configure -bindir /home/bench/.opam/system/bin -sitelib /home/bench/.opam/system/lib -mandir /home/bench/.opam/system/man -config /home/bench/.opam/system/lib/findlib.conf -no-topfind
  make all
  make opt
  make install
Installing ocamlfind.1.5.5.
Building cppo.1.1.2:
  make
  make install-lib
Installing cppo.1.1.2.
Building easy-format.1.0.2:
  make
  make install
Installing easy-format.1.0.2.
Building smart-print.0.2.0:
  make
  make install
Installing smart-print.0.2.0.
Building biniou.1.0.9:
  make
  make install
Installing biniou.1.0.9.
Building yojson.1.1.8:
  make
  make install
Installing yojson.1.1.8.
Building coq:coq-of-ocaml.dev:
  sh -c cd CoqOfOCaml &amp;&amp; ./configure.sh
  sh -c cd CoqOfOCaml &amp;&amp; make -j4
  sh -c cd CoqOfOCaml &amp;&amp; make install
  make -j4
Installing coq:coq-of-ocaml.dev.
</pre></dd>
            </dl>
            <p>Dry install without Coq, to test if the problem was incompatibility with the current Coq version:</p>
            <dl class="dl-horizontal">
              <dt>Command</dt>
              <dd><code>true</code></dd>
              <dt>Return code</dt>
              <dd>0</dd>
              <dt>Duration</dt>
              <dd>0 s</dd>
              <dt>Output</dt>
              <dd><pre></pre></dd>
            </dl>
            <h2>Install dependencies</h2>
            <dl class="dl-horizontal">
              <dt>Command</dt>
              <dd><code>opam install -y --deps-only coq:coq-of-ocaml.dev</code></dd>
              <dt>Return code</dt>
              <dd>0</dd>
              <dt>Duration</dt>
              <dd>14 s</dd>
              <dt>Output</dt>
              <dd><pre>The following actions will be performed:
 - install   ocamlfind.1.5.5                       [required by yojson, smart-print]
 - install   smart-print.0.2.0                     [required by coq:coq-of-ocaml]
 - install   easy-format.1.0.2                     [required by yojson]
 - install   cppo.1.1.2                            [required by yojson]
 - install   biniou.1.0.9                          [required by yojson]
 - install   yojson.1.1.8                          [required by coq:coq-of-ocaml]
=== 6 to install ===
=-=- Synchronizing package archives -=-=-=-=-=-=-=-=-=-=-=-=-=-=-=-=-=-=-=-=-=-=
[default] Downloading https://opam.ocaml.org/archives/biniou.1.0.9+opam.tar.gz
[default] Downloading https://opam.ocaml.org/archives/cppo.1.1.2+opam.tar.gz
[default] Downloading https://opam.ocaml.org/archives/easy-format.1.0.2+opam.tar.gz
[default] Downloading https://opam.ocaml.org/archives/ocamlfind.1.5.5+opam.tar.gz
[default] Downloading https://opam.ocaml.org/archives/smart-print.0.2.0+opam.tar.gz
[default] Downloading https://opam.ocaml.org/archives/yojson.1.1.8+opam.tar.gz
=-=- Installing packages =-=-=-=-=-=-=-=-=-=-=-=-=-=-=-=-=-=-=-=-=-=-=-=-=-=-=-=
Building ocamlfind.1.5.5:
  ./configure -bindir /home/bench/.opam/system/bin -sitelib /home/bench/.opam/system/lib -mandir /home/bench/.opam/system/man -config /home/bench/.opam/system/lib/findlib.conf -no-topfind
  make all
  make opt
  make install
Installing ocamlfind.1.5.5.
Building easy-format.1.0.2:
  make
  make install
Building smart-print.0.2.0:
  make
  make install
Building cppo.1.1.2:
  make
  make install-lib
Installing smart-print.0.2.0.
Installing easy-format.1.0.2.
Building biniou.1.0.9:
  make
  make install
Installing biniou.1.0.9.
Installing cppo.1.1.2.
Building yojson.1.1.8:
  make
  make install
Installing yojson.1.1.8.
</pre></dd>
            </dl>
            <h2>Install</h2>
            <dl class="dl-horizontal">
              <dt>Command</dt>
              <dd><code>opam install -y --verbose coq:coq-of-ocaml.dev</code></dd>
              <dt>Return code</dt>
              <dd>1024</dd>
              <dt>Duration</dt>
              <dd>6 s</dd>
              <dt>Output</dt>
              <dd><pre>The following actions will be performed:
 - install   coq:coq-of-ocaml.dev
=== 1 to install ===
=-=- Synchronizing package archives -=-=-=-=-=-=-=-=-=-=-=-=-=-=-=-=-=-=-=-=-=-=
[coq:coq-of-ocaml.dev] Downloading https://github.com/clarus/coq-of-ocaml/archive/master.tar.gz
  % Total    % Received % Xferd  Average Speed   Time    Time     Time  Current
                                 Dload  Upload   Total   Spent    Left  Speed
  0     0    0     0    0     0      0      0 --:--:-- --:--:-- --:--:--     0  0     0    0     0    0     0      0      0 --:--:-- --:--:-- --:--:--     0100   127    0   127    0     0    330      0 --:--:-- --:--:-- --:--:--   330
  0     0    0  108k    0     0  84467      0 --:--:--  0:00:01 --:--:-- 84467  0     0    0  234k    0     0   146k      0 --:--:--  0:00:01 --:--:--  446k
200
=-=- Installing packages =-=-=-=-=-=-=-=-=-=-=-=-=-=-=-=-=-=-=-=-=-=-=-=-=-=-=-=
Building coq:coq-of-ocaml.dev:
  sh -c cd CoqOfOCaml &amp;&amp; ./configure.sh
  sh -c cd CoqOfOCaml &amp;&amp; make -j4
  sh -c cd CoqOfOCaml &amp;&amp; make install
  make -j4
&quot;coqdep&quot; -c -R &quot;.&quot; CoqOfOCaml &quot;Basics.v&quot; &gt; &quot;Basics.v.d&quot; || ( RV=$?; rm -f &quot;Basics.v.d&quot;; exit ${RV} )
&quot;coqdep&quot; -c -R &quot;.&quot; CoqOfOCaml &quot;Effect.v&quot; &gt; &quot;Effect.v.d&quot; || ( RV=$?; rm -f &quot;Effect.v.d&quot;; exit ${RV} )
&quot;coqdep&quot; -c -R &quot;.&quot; CoqOfOCaml &quot;Libraries.v&quot; &gt; &quot;Libraries.v.d&quot; || ( RV=$?; rm -f &quot;Libraries.v.d&quot;; exit ${RV} )
&quot;coqdep&quot; -c -R &quot;.&quot; CoqOfOCaml &quot;List.v&quot; &gt; &quot;List.v.d&quot; || ( RV=$?; rm -f &quot;List.v.d&quot;; exit ${RV} )
&quot;coqdep&quot; -c -R &quot;.&quot; CoqOfOCaml &quot;OCaml.v&quot; &gt; &quot;OCaml.v.d&quot; || ( RV=$?; rm -f &quot;OCaml.v.d&quot;; exit ${RV} )
&quot;coqc&quot;  -q  -R &quot;.&quot; CoqOfOCaml   Libraries
&quot;coqc&quot;  -q  -R &quot;.&quot; CoqOfOCaml   Effect
&quot;coqc&quot;  -q  -R &quot;.&quot; CoqOfOCaml   Basics
File &quot;./Basics.v&quot;, line 305, characters 10-26:
Error:
The constructor FiniteStream.nil (in type FiniteStream.t) expects 1 argument.
Makefile:228: recipe for target 'Basics.vo' failed
make: *** [Basics.vo] Error 1
[ERROR] The compilation of coq:coq-of-ocaml.dev failed.
Removing coq:coq-of-ocaml.dev.
  rm -R /home/bench/.opam/system/lib/coq/user-contrib/CoqOfOCaml
rm: cannot remove '/home/bench/.opam/system/lib/coq/user-contrib/CoqOfOCaml': No such file or directory
#=== ERROR while installing coq:coq-of-ocaml.dev ==============================#
# opam-version         1.2.0
# os                   linux
# command              sh -c cd CoqOfOCaml &amp;&amp; make -j4
# path                 /home/bench/.opam/system/build/coq:coq-of-ocaml.dev
# compiler             system (4.02.1)
# exit-code            2
# env-file             /home/bench/.opam/system/build/coq:coq-of-ocaml.dev/coq:coq-of-ocaml-22940-c61e7b.env
# stdout-file          /home/bench/.opam/system/build/coq:coq-of-ocaml.dev/coq:coq-of-ocaml-22940-c61e7b.out
# stderr-file          /home/bench/.opam/system/build/coq:coq-of-ocaml.dev/coq:coq-of-ocaml-22940-c61e7b.err
### stdout ###
# &quot;coqdep&quot; -c -R &quot;.&quot; CoqOfOCaml &quot;Basics.v&quot; &gt; &quot;Basics.v.d&quot; || ( RV=$?; rm -f &quot;Basics.v.d&quot;; exit ${RV} )
# &quot;coqdep&quot; -c -R &quot;.&quot; CoqOfOCaml &quot;Effect.v&quot; &gt; &quot;Effect.v.d&quot; || ( RV=$?; rm -f &quot;Effect.v.d&quot;; exit ${RV} )
# &quot;coqdep&quot; -c -R &quot;.&quot; CoqOfOCaml &quot;Libraries.v&quot; &gt; &quot;Libraries.v.d&quot; || ( RV=$?; rm -f &quot;Libraries.v.d&quot;; exit ${RV} )
# &quot;coqdep&quot; -c -R &quot;.&quot; CoqOfOCaml &quot;List.v&quot; &gt; &quot;List.v.d&quot; || ( RV=$?; rm -f &quot;List.v.d&quot;; exit ${RV} )
# &quot;coqdep&quot; -c -R &quot;.&quot; CoqOfOCaml &quot;OCaml.v&quot; &gt; &quot;OCaml.v.d&quot; || ( RV=$?; rm -f &quot;OCaml.v.d&quot;; exit ${RV} )
# &quot;coqc&quot;  -q  -R &quot;.&quot; CoqOfOCaml   Libraries
# &quot;coqc&quot;  -q  -R &quot;.&quot; CoqOfOCaml   Effect
# &quot;coqc&quot;  -q  -R &quot;.&quot; CoqOfOCaml   Basics
# Makefile:228: recipe for target 'Basics.vo' failed
### stderr ###
# File &quot;./Basics.v&quot;, line 305, characters 10-26:
# Error:
# The constructor FiniteStream.nil (in type FiniteStream.t) expects 1 argument.
# make: *** [Basics.vo] Error 1
'opam install -y --verbose coq:coq-of-ocaml.dev' failed.
</pre></dd>
            </dl>
            <h2>Uninstall</h2>
            <dl class="dl-horizontal">
              <dt>Command</dt>
              <dd><code>true</code></dd>
              <dt>Return code</dt>
              <dd>0</dd>
              <dt>Duration</dt>
              <dd>0 s</dd>
              <dt>Output</dt>
              <dd><pre></pre></dd>
              <dt>Missing removes</dt>
              <dd>
                none
              </dd>
              <dt>Wrong removes</dt>
              <dd>
                none
              </dd>
            </dl>
          </div>
        </div>
      </div>
      <hr/>
      <div class="footer">
        <p class="text-center">
          <small>Sources are on <a href="https://github.com/coq-bench">GitHub</a>. © Guillaume Claret.</small>
        </p>
      </div>
    </div>
    <script src="https://ajax.googleapis.com/ajax/libs/jquery/1.11.1/jquery.min.js"></script>
    <script src="../../../../../bootstrap.min.js"></script>
  </body>
</html>