<!DOCTYPE html>
<html lang="en">
  <head>
    <meta charset="utf-8">
    <meta name="viewport" content="width=device-width, initial-scale=1">
    <title>Coq bench</title>
    <link rel="shortcut icon" type="image/png" href="../../../../../favicon.png" />
    <link href="../../../../../bootstrap.min.css" rel="stylesheet">
    <link href="//maxcdn.bootstrapcdn.com/font-awesome/4.2.0/css/font-awesome.min.css" rel="stylesheet">
    <script src="../../../../../moment.min.js"></script>
    <!-- HTML5 Shim and Respond.js IE8 support of HTML5 elements and media queries -->
    <!-- WARNING: Respond.js doesn't work if you view the page via file:// -->
    <!--[if lt IE 9]>
      <script src="https://oss.maxcdn.com/html5shiv/3.7.2/html5shiv.min.js"></script>
      <script src="https://oss.maxcdn.com/respond/1.4.2/respond.min.js"></script>
    <![endif]-->
  </head>
  <body>
    <div class="container">
      <div class="navbar navbar-default" role="navigation">
        <div class="container-fluid">
          <div class="navbar-header">
            <button type="button" class="navbar-toggle collapsed" data-toggle="collapse" data-target="#navbar" aria-expanded="false" aria-controls="navbar">
              <span class="sr-only">Toggle navigation</span>
              <span class="icon-bar"></span>
              <span class="icon-bar"></span>
              <span class="icon-bar"></span>
            </button>
            <a class="navbar-brand" href="../../../../.."><i class="fa fa-lg fa-flag-checkered"></i> Coq bench</a>
          </div>
          <div id="navbar" class="collapse navbar-collapse">
            <ul class="nav navbar-nav">
              <li><a href="../../..">Unstable</a></li>
              <li><a href=".">8.4.dev / concurrency:pluto dev</a></li>
              <li class="active"><a href="">2014-12-03 22:27:58</a></li>
            </ul>
            <ul class="nav navbar-nav navbar-right">
              <li><a href="../../../../../about.html">About</a></li>
            </ul>
          </div>
        </div>
      </div>
      <div class="article">
        <div class="row">
          <div class="col-md-12">
            <a href=".">« Up</a>
            <h1>
              concurrency:pluto
              <small>
                dev
                <span class="label label-warning">Error with dependencies</span>
              </small>
            </h1>
            <p><em><script>document.write(moment("2014-12-03 22:27:58 +0000", "YYYY-MM-DD HH:mm:ss Z").fromNow());</script> (2014-12-03 22:27:58 UTC)</em><p>
            <h2>Lint</h2>
            <dl class="dl-horizontal">
              <dt>Command</dt>
              <dd><code>ruby lint.rb unstable ../unstable/packages/coq:concurrency:pluto/coq:concurrency:pluto.dev</code></dd>
              <dt>Return code</dt>
              <dd>0</dd>
              <dt>Duration</dt>
              <dd>0 s</dd>
              <dt>Output</dt>
              <dd><pre>The package is valid.
</pre></dd>
            </dl>
            <h2>Dry install</h2>
            <p>Dry install with the current Coq version:</p>
            <dl class="dl-horizontal">
              <dt>Command</dt>
              <dd><code>opam install -y --dry-run coq:concurrency:pluto.dev coq.8.4.dev</code></dd>
              <dt>Return code</dt>
              <dd>0</dd>
              <dt>Duration</dt>
              <dd>2 s</dd>
              <dt>Output</dt>
              <dd><pre>[NOTE] Package coq is already installed (current version is 8.4.dev).
The following actions will be performed:
 - install   ocamlfind.1.5.5                       [required by lwt, base64]
 - install   coq:error-handlers.dev                [required by coq:concurrency:pluto]
 - install   coq:list-string.1.0.0                 [required by coq:concurrency:pluto]
 - install   camlp4.4.02.1+system                  [required by lwt]
 - install   coq:function-ninjas.dev               [required by coq:concurrency:pluto]
 - install   base64.1.0.0                          [required by coq:concurrency:proxy]
 - install   lwt.2.4.5                             [required by coq:concurrency:proxy]
 - install   coq:moment.dev                        [required by coq:concurrency:pluto]
 - install   coq:iterable.dev                      [required by coq:concurrency:pluto]
 - install   coq:concurrency:system.dev            [required by coq:concurrency:pluto]
 - install   coq:concurrency:proxy.dev             [required by coq:concurrency:pluto]
 - install   coq:concurrency:pluto.dev
=== 12 to install ===
=-=- Synchronizing package archives -=-=-=-=-=-=-=-=-=-=-=-=-=-=-=-=-=-=-=-=-=-=
=-=- Installing packages =-=-=-=-=-=-=-=-=-=-=-=-=-=-=-=-=-=-=-=-=-=-=-=-=-=-=-=
Building camlp4.4.02.1+system:
  sh ./check-camlp4.sh
Installing camlp4.4.02.1+system.
Building coq:error-handlers.dev:
  ./configure.sh
  make -j4
  make install
Installing coq:error-handlers.dev.
Building coq:function-ninjas.dev:
  ./configure.sh
  make -j4
  make install
Installing coq:function-ninjas.dev.
Building coq:list-string.1.0.0:
  ./configure.sh
  make -j4
  make install
Installing coq:list-string.1.0.0.
Building ocamlfind.1.5.5:
  ./configure -bindir /home/bench/.opam/system/bin -sitelib /home/bench/.opam/system/lib -mandir /home/bench/.opam/system/man -config /home/bench/.opam/system/lib/findlib.conf -no-topfind
  make all
  make opt
  make install
Installing ocamlfind.1.5.5.
Building coq:iterable.dev:
  ./configure.sh
  make -j4
  make install
Installing coq:iterable.dev.
Building coq:concurrency:system.dev:
  ruby pp.rb
  ./configure.sh
  make -j4
  make install
Installing coq:concurrency:system.dev.
Building coq:moment.dev:
  ruby pp.rb
  ./configure.sh
  make -j4
  make install
Installing coq:moment.dev.
Building base64.1.0.0:
  ocaml setup.ml -configure --prefix /home/bench/.opam/system
  ocaml setup.ml -build
  ocaml setup.ml -install
Installing base64.1.0.0.
Building lwt.2.4.5:
  ./configure --disable-libev --disable-react --disable-ssl --enable-unix --enable-extra --enable-preemptive --disable-glib
  make build
  make install
Installing lwt.2.4.5.
Building coq:concurrency:proxy.dev:
  make -j4
Installing coq:concurrency:proxy.dev.
Building coq:concurrency:pluto.dev:
  ./configure.sh
  make -j4
  sh -c cd extraction &amp;&amp; make
Installing coq:concurrency:pluto.dev.
</pre></dd>
            </dl>
            <p>Dry install without Coq, to test if the problem was incompatibility with the current Coq version:</p>
            <dl class="dl-horizontal">
              <dt>Command</dt>
              <dd><code>true</code></dd>
              <dt>Return code</dt>
              <dd>0</dd>
              <dt>Duration</dt>
              <dd>0 s</dd>
              <dt>Output</dt>
              <dd><pre></pre></dd>
            </dl>
            <h2>Install dependencies</h2>
            <dl class="dl-horizontal">
              <dt>Command</dt>
              <dd><code>opam install -y --deps-only coq:concurrency:pluto.dev</code></dd>
              <dt>Return code</dt>
              <dd>1024</dd>
              <dt>Duration</dt>
              <dd>34 s</dd>
              <dt>Output</dt>
              <dd><pre>The following actions will be performed:
 - install   ocamlfind.1.5.5                       [required by lwt, base64]
 - install   coq:error-handlers.dev                [required by coq:concurrency:pluto]
 - install   coq:list-string.1.0.0                 [required by coq:concurrency:pluto]
 - install   camlp4.4.02.1+system                  [required by lwt]
 - install   coq:function-ninjas.dev               [required by coq:concurrency:pluto]
 - install   base64.1.0.0                          [required by coq:concurrency:proxy]
 - install   lwt.2.4.5                             [required by coq:concurrency:proxy]
 - install   coq:moment.dev                        [required by coq:concurrency:pluto]
 - install   coq:iterable.dev                      [required by coq:concurrency:pluto]
 - install   coq:concurrency:system.dev            [required by coq:concurrency:pluto]
 - install   coq:concurrency:proxy.dev             [required by coq:concurrency:pluto]
=== 11 to install ===
=-=- Synchronizing package archives -=-=-=-=-=-=-=-=-=-=-=-=-=-=-=-=-=-=-=-=-=-=
[default] Downloading https://opam.ocaml.org/archives/base64.1.0.0+opam.tar.gz
[coq:concurrency:proxy.dev] Downloading https://github.com/coq-concurrency/proxy/archive/master.tar.gz
[coq:concurrency:system.dev] Downloading https://github.com/coq-concurrency/system/archive/master.tar.gz
[coq:error-handlers.dev] Downloading https://github.com/clarus/coq-error-handlers/archive/master.tar.gz
[coq:function-ninjas.dev] Downloading https://github.com/clarus/coq-function-ninjas/archive/master.tar.gz
[coq:iterable.dev] Downloading https://github.com/clarus/coq-iterable/archive/master.tar.gz
[coq:list-string.1.0.0] Downloading https://github.com/clarus/coq-list-string/archive/1.0.0.tar.gz
[coq:moment.dev] Downloading https://github.com/clarus/coq-moment/archive/master.tar.gz
[default] Downloading https://opam.ocaml.org/archives/lwt.2.4.5+opam.tar.gz
[default] Downloading https://opam.ocaml.org/archives/ocamlfind.1.5.5+opam.tar.gz
=-=- Installing packages =-=-=-=-=-=-=-=-=-=-=-=-=-=-=-=-=-=-=-=-=-=-=-=-=-=-=-=
Copying ~/.opam/repo/default/packages/camlp4/camlp4.4.02.1+system/files/install to ~/.opam/system/build/camlp4.4.02.1+system/
Copying ~/.opam/repo/default/packages/camlp4/camlp4.4.02.1+system/files/check-camlp4.sh to ~/.opam/system/build/camlp4.4.02.1+system/
Building coq:function-ninjas.dev:
  ./configure.sh
  make -j4
  make install
Building coq:error-handlers.dev:
  ./configure.sh
  make -j4
  make install
Building coq:list-string.1.0.0:
  ./configure.sh
  make -j4
  make install
Building camlp4.4.02.1+system:
  sh ./check-camlp4.sh
Installing camlp4.4.02.1+system.
Building ocamlfind.1.5.5:
  ./configure -bindir /home/bench/.opam/system/bin -sitelib /home/bench/.opam/system/lib -mandir /home/bench/.opam/system/man -config /home/bench/.opam/system/lib/findlib.conf -no-topfind
  make all
  make opt
  make install
Installing coq:function-ninjas.dev.
Installing coq:error-handlers.dev.
Building coq:iterable.dev:
  ./configure.sh
  make -j4
  make install
Installing coq:iterable.dev.
Installing ocamlfind.1.5.5.
Building base64.1.0.0:
  ocaml setup.ml -configure --prefix /home/bench/.opam/system
  ocaml setup.ml -build
  ocaml setup.ml -install
Building lwt.2.4.5:
  ./configure --disable-libev --disable-react --disable-ssl --enable-unix --enable-extra --enable-preemptive --disable-glib
  make build
  make install
Installing coq:list-string.1.0.0.
Building coq:concurrency:system.dev:
  ruby pp.rb
  ./configure.sh
  make -j4
  make install
Building coq:moment.dev:
  ruby pp.rb
  ./configure.sh
  make -j4
  make install
Installing base64.1.0.0.
[ERROR] The compilation of coq:moment.dev failed.
Removing coq:moment.dev.
  rm -R /home/bench/.opam/system/lib/coq/user-contrib/Moment
[ERROR] The compilation of coq:concurrency:system.dev failed.
Removing coq:concurrency:system.dev.
  rm -R /home/bench/.opam/system/lib/coq/user-contrib/Concurrency
Installing lwt.2.4.5.
Building coq:concurrency:proxy.dev:
  make -j4
Installing coq:concurrency:proxy.dev.
#=== ERROR while installing coq:concurrency:system.dev ========================#
# opam-version         1.2.0
# os                   linux
# command              make -j4
# path                 /home/bench/.opam/system/build/coq:concurrency:system.dev
# compiler             system (4.02.1)
# exit-code            2
# env-file             /home/bench/.opam/system/build/coq:concurrency:system.dev/coq:concurrency:system-13454-2c871f.env
# stdout-file          /home/bench/.opam/system/build/coq:concurrency:system.dev/coq:concurrency:system-13454-2c871f.out
# stderr-file          /home/bench/.opam/system/build/coq:concurrency:system.dev/coq:concurrency:system-13454-2c871f.err
### stdout ###
# ...[truncated]
# &quot;coqdep&quot; -c -slash -R . Concurrency &quot;Run.v&quot; &gt; &quot;Run.v.d&quot; || ( RV=$?; rm -f &quot;Run.v.d&quot;; exit ${RV} )
# &quot;coqdep&quot; -c -slash -R . Concurrency &quot;StdLib.v&quot; &gt; &quot;StdLib.v.d&quot; || ( RV=$?; rm -f &quot;StdLib.v.d&quot;; exit ${RV} )
# &quot;coqdep&quot; -c -slash -R . Concurrency &quot;Test.v&quot; &gt; &quot;Test.v.d&quot; || ( RV=$?; rm -f &quot;Test.v.d&quot;; exit ${RV} )
# &quot;coqc&quot;  -q  -R . Concurrency   Events
# &quot;coqc&quot;  -q  -R . Concurrency   Computation
# &quot;coqc&quot;  -q  -R . Concurrency   Run
# &quot;coqc&quot;  -q  -R . Concurrency   StdLib
# &quot;coqc&quot;  -q  -R . Concurrency   Extraction
# File &quot;/home/bench/.opam/system/build/coq:concurrency:system.dev/Extraction.v&quot;, line 209, characters 16-28:
# Error: The reference LString.to_N was not found in the current environment.
### stderr ###
# make: *** [Extraction.vo] Error 1
#=== ERROR while installing coq:moment.dev ====================================#
# opam-version         1.2.0
# os                   linux
# command              make -j4
# path                 /home/bench/.opam/system/build/coq:moment.dev
# compiler             system (4.02.1)
# exit-code            2
# env-file             /home/bench/.opam/system/build/coq:moment.dev/coq:moment-13455-ad6566.env
# stdout-file          /home/bench/.opam/system/build/coq:moment.dev/coq:moment-13455-ad6566.out
# stderr-file          /home/bench/.opam/system/build/coq:moment.dev/coq:moment-13455-ad6566.err
### stdout ###
# ...[truncated]
# time : t
# The term &quot;padding&quot; has type &quot;option ascii&quot; while it is expected to have type
#  &quot;N&quot;.
# File &quot;/home/bench/.opam/system/build/coq:moment.dev/Date.v&quot;, line 422, characters 27-34:
# Error: In environment
# digits : nat
# padding : option ascii
# date : t
# The term &quot;padding&quot; has type &quot;option ascii&quot; while it is expected to have type
#  &quot;N&quot;.
### stderr ###
# make: *** [Time.vo] Error 1
# make: *** Waiting for unfinished jobs....
# make: *** [Date.vo] Error 1
=-=- Error report -=-=-=-=-=-=-=-=-=-=-=-=-=-=-=-=-=-=-=-=-=-=-=-=-=-=-=-=-=-=-=
These actions have been completed successfully
 - install   coq:function-ninjas.dev
 - install   camlp4.4.02.1+system
 - install   coq:list-string.1.0.0
 - install   lwt.2.4.5
 - install   base64.1.0.0
 - install   coq:iterable.dev
 - install   coq:concurrency:proxy.dev
 - install   coq:error-handlers.dev
 - install   ocamlfind.1.5.5
The following failed
 - install   coq:concurrency:system.dev
 - install   coq:moment.dev
The former state can be restored with opam switch import &quot;/home/bench/.opam/system/backup/state-20141103172055.export&quot;
</pre></dd>
            </dl>
            <h2>Install</h2>
            <dl class="dl-horizontal">
              <dt>Command</dt>
              <dd><code>true</code></dd>
              <dt>Return code</dt>
              <dd>0</dd>
              <dt>Duration</dt>
              <dd>0 s</dd>
              <dt>Output</dt>
              <dd><pre></pre></dd>
            </dl>
            <h2>Installation size</h2>
            <p>No files were installed.</p>
            <h2>Uninstall</h2>
            <dl class="dl-horizontal">
              <dt>Command</dt>
              <dd><code>true</code></dd>
              <dt>Return code</dt>
              <dd>0</dd>
              <dt>Duration</dt>
              <dd>0 s</dd>
              <dt>Output</dt>
              <dd><pre></pre></dd>
              <dt>Missing removes</dt>
              <dd>
                none
              </dd>
              <dt>Wrong removes</dt>
              <dd>
                none
              </dd>
            </dl>
          </div>
        </div>
      </div>
      <hr/>
      <div class="footer">
        <p class="text-center">
          <small>Sources are on <a href="https://github.com/coq-bench">GitHub</a>. © Guillaume Claret.</small>
        </p>
      </div>
    </div>
    <script src="https://ajax.googleapis.com/ajax/libs/jquery/1.11.1/jquery.min.js"></script>
    <script src="../../../../../bootstrap.min.js"></script>
  </body>
</html>