<!DOCTYPE html>
<html lang="en">
  <head>
    <meta charset="utf-8">
    <meta name="viewport" content="width=device-width, initial-scale=1">
    <title>Coq bench</title>
    <link rel="shortcut icon" type="image/png" href="../../../../../favicon.png" />
    <link href="../../../../../bootstrap.min.css" rel="stylesheet">
    <link href="//maxcdn.bootstrapcdn.com/font-awesome/4.2.0/css/font-awesome.min.css" rel="stylesheet">
    <script src="../../../../../moment.min.js"></script>
    <!-- HTML5 Shim and Respond.js IE8 support of HTML5 elements and media queries -->
    <!-- WARNING: Respond.js doesn't work if you view the page via file:// -->
    <!--[if lt IE 9]>
      <script src="https://oss.maxcdn.com/html5shiv/3.7.2/html5shiv.min.js"></script>
      <script src="https://oss.maxcdn.com/respond/1.4.2/respond.min.js"></script>
    <![endif]-->
  </head>
  <body>
    <div class="container">
      <div class="navbar navbar-default" role="navigation">
        <div class="container-fluid">
          <div class="navbar-header">
            <button type="button" class="navbar-toggle collapsed" data-toggle="collapse" data-target="#navbar" aria-expanded="false" aria-controls="navbar">
              <span class="sr-only">Toggle navigation</span>
              <span class="icon-bar"></span>
              <span class="icon-bar"></span>
              <span class="icon-bar"></span>
            </button>
            <a class="navbar-brand" href="../../../../.."><i class="fa fa-lg fa-flag-checkered"></i> Coq bench</a>
          </div>
          <div id="navbar" class="collapse navbar-collapse">
            <ul class="nav navbar-nav">
              <li><a href="../../..">Unstable</a></li>
              <li><a href=".">8.4.5 / contrib:canon-bdds 8.4.dev</a></li>
              <li class="active"><a href="">2015-02-03 17:41:16</a></li>
            </ul>
            <ul class="nav navbar-nav navbar-right">
              <li><a href="../../../../../about.html">About</a></li>
            </ul>
          </div>
        </div>
      </div>
      <div class="article">
        <div class="row">
          <div class="col-md-12">
            <a href=".">« Up</a>
            <h1>
              contrib:canon-bdds
              <small>
                8.4.dev
                <span class="label label-danger">Error</span>
              </small>
            </h1>
            <p><em><script>document.write(moment("2015-02-03 17:41:16 +0000", "YYYY-MM-DD HH:mm:ss Z").fromNow());</script> (2015-02-03 17:41:16 UTC)</em><p>
            <h2>Lint</h2>
            <dl class="dl-horizontal">
              <dt>Command</dt>
              <dd><code>ruby lint.rb unstable ../unstable/packages/coq:contrib:canon-bdds/coq:contrib:canon-bdds.8.4.dev</code></dd>
              <dt>Return code</dt>
              <dd>0</dd>
              <dt>Duration</dt>
              <dd>0 s</dd>
            </dl>
            <h2>Dry install</h2>
            <p>Dry install with the current Coq version:</p>
            <dl class="dl-horizontal">
              <dt>Command</dt>
              <dd><code>opam install -y --dry-run coq:contrib:canon-bdds.8.4.dev coq.8.4.5</code></dd>
              <dt>Return code</dt>
              <dd>0</dd>
              <dt>Duration</dt>
              <dd>2 s</dd>
            </dl>
            <p>Dry install without Coq, to test if the problem was incompatibility with the current Coq version:</p>
            <dl class="dl-horizontal">
              <dt>Command</dt>
              <dd><code>true</code></dd>
              <dt>Return code</dt>
              <dd>0</dd>
              <dt>Duration</dt>
              <dd>0 s</dd>
            </dl>
            <h2>Install dependencies</h2>
            <dl class="dl-horizontal">
              <dt>Command</dt>
              <dd><code>ulimit -Sv 2000000; timeout 5m opam install -y --deps-only coq:contrib:canon-bdds.8.4.dev</code></dd>
              <dt>Return code</dt>
              <dd>0</dd>
              <dt>Duration</dt>
              <dd>2 s</dd>
            </dl>
            <h2>Install</h2>
            <dl class="dl-horizontal">
              <dt>Command</dt>
              <dd><code>ulimit -Sv 2000000; timeout 5m opam install -y --verbose coq:contrib:canon-bdds.8.4.dev</code></dd>
              <dt>Return code</dt>
              <dd>1024</dd>
              <dt>Duration</dt>
              <dd>15 s</dd>
              <dt>Output</dt>
              <dd><pre>The following actions will be performed:
 - install   coq:contrib:canon-bdds.8.4.dev
=== 1 to install ===
=-=- Synchronizing package archives -=-=-=-=-=-=-=-=-=-=-=-=-=-=-=-=-=-=-=-=-=-=
[coq:contrib:canon-bdds] Fetching https://gforge.inria.fr/git/coq-contribs/canon-bdds.git#v8.4
Initialized empty Git repository in /home/bench/.opam/packages.dev/coq:contrib:canon-bdds.8.4.dev/.git/
[master (root-commit) 5f725d3] opam-git-init
From https://gforge.inria.fr/git/coq-contribs/canon-bdds
 * [new branch]      v8.4       -&gt; opam-ref
 * [new branch]      v8.4       -&gt; origin/v8.4
Make
Makefile
README
bench.log
canonicite/BDTs.v
canonicite/Boolean_functions.v
canonicite/Canonicity_BDT.v
canonicite/Complete_induction.v
canonicite/Finite_sets.v
canonicite/Order.v
canonicite/Prelude0.v
canonicite/Prelude1.v
canonicite/Vars.v
description
rauzy/algorithme1/.cvsignore
rauzy/algorithme1/BDTs.v
rauzy/algorithme1/Boolean_functions.v
rauzy/algorithme1/Canonicity.v
rauzy/algorithme1/Formula_to_BDT.v
rauzy/algorithme1/Inductions.v
rauzy/algorithme1/Prelude_BDT.v
rauzy/algorithme1/extract.v
rauzy/algorithme1/extraction/.cvsignore
rauzy/algorithme1/extraction/Makefile
rauzy/algorithme1/extraction/README
rauzy/algorithme1/extraction/lexer.mll
rauzy/algorithme1/extraction/main.ml
rauzy/algorithme1/extraction/parser.mly
rauzy/algorithme1/extraction/ztwaalf1_be
rauzy/algorithmes_2_et_3/Monotony.v
rauzy/algorithmes_2_et_3/Operator_W.v
rauzy/algorithmes_2_et_3/Prelude_Implicants.v
rauzy/algorithmes_2_et_3/Prelude_Paths.v
rauzy/algorithmes_2_et_3/Prelude_Primes.v
rauzy/algorithmes_2_et_3/Primes.v
HEAD is now at b13ebb4 Compilation des contribs
=-=- Installing packages =-=-=-=-=-=-=-=-=-=-=-=-=-=-=-=-=-=-=-=-=-=-=-=-=-=-=-=
Building coq:contrib:canon-bdds.8.4.dev:
  coq_makefile -f Make -o Makefile
  make
  make install
&quot;coqdep&quot; -c -slash -R . CanonBDDs &quot;canonicite/Canonicity_BDT.v&quot; &gt; &quot;canonicite/Canonicity_BDT.v.d&quot; || ( RV=$?; rm -f &quot;canonicite/Canonicity_BDT.v.d&quot;; exit ${RV} )
&quot;coqdep&quot; -c -slash -R . CanonBDDs &quot;canonicite/Complete_induction.v&quot; &gt; &quot;canonicite/Complete_induction.v.d&quot; || ( RV=$?; rm -f &quot;canonicite/Complete_induction.v.d&quot;; exit ${RV} )
&quot;coqdep&quot; -c -slash -R . CanonBDDs &quot;canonicite/Boolean_functions.v&quot; &gt; &quot;canonicite/Boolean_functions.v.d&quot; || ( RV=$?; rm -f &quot;canonicite/Boolean_functions.v.d&quot;; exit ${RV} )
&quot;coqdep&quot; -c -slash -R . CanonBDDs &quot;canonicite/Vars.v&quot; &gt; &quot;canonicite/Vars.v.d&quot; || ( RV=$?; rm -f &quot;canonicite/Vars.v.d&quot;; exit ${RV} )
&quot;coqdep&quot; -c -slash -R . CanonBDDs &quot;canonicite/BDTs.v&quot; &gt; &quot;canonicite/BDTs.v.d&quot; || ( RV=$?; rm -f &quot;canonicite/BDTs.v.d&quot;; exit ${RV} )
&quot;coqdep&quot; -c -slash -R . CanonBDDs &quot;canonicite/Order.v&quot; &gt; &quot;canonicite/Order.v.d&quot; || ( RV=$?; rm -f &quot;canonicite/Order.v.d&quot;; exit ${RV} )
&quot;coqdep&quot; -c -slash -R . CanonBDDs &quot;canonicite/Prelude0.v&quot; &gt; &quot;canonicite/Prelude0.v.d&quot; || ( RV=$?; rm -f &quot;canonicite/Prelude0.v.d&quot;; exit ${RV} )
&quot;coqdep&quot; -c -slash -R . CanonBDDs &quot;canonicite/Finite_sets.v&quot; &gt; &quot;canonicite/Finite_sets.v.d&quot; || ( RV=$?; rm -f &quot;canonicite/Finite_sets.v.d&quot;; exit ${RV} )
&quot;coqdep&quot; -c -slash -R . CanonBDDs &quot;canonicite/Prelude1.v&quot; &gt; &quot;canonicite/Prelude1.v.d&quot; || ( RV=$?; rm -f &quot;canonicite/Prelude1.v.d&quot;; exit ${RV} )
&quot;coqdep&quot; -c -slash -R . CanonBDDs &quot;rauzy/algorithme1/Prelude_BDT.v&quot; &gt; &quot;rauzy/algorithme1/Prelude_BDT.v.d&quot; || ( RV=$?; rm -f &quot;rauzy/algorithme1/Prelude_BDT.v.d&quot;; exit ${RV} )
&quot;coqdep&quot; -c -slash -R . CanonBDDs &quot;rauzy/algorithme1/Inductions.v&quot; &gt; &quot;rauzy/algorithme1/Inductions.v.d&quot; || ( RV=$?; rm -f &quot;rauzy/algorithme1/Inductions.v.d&quot;; exit ${RV} )
&quot;coqdep&quot; -c -slash -R . CanonBDDs &quot;rauzy/algorithme1/Formula_to_BDT.v&quot; &gt; &quot;rauzy/algorithme1/Formula_to_BDT.v.d&quot; || ( RV=$?; rm -f &quot;rauzy/algorithme1/Formula_to_BDT.v.d&quot;; exit ${RV} )
&quot;coqdep&quot; -c -slash -R . CanonBDDs &quot;rauzy/algorithme1/Canonicity.v&quot; &gt; &quot;rauzy/algorithme1/Canonicity.v.d&quot; || ( RV=$?; rm -f &quot;rauzy/algorithme1/Canonicity.v.d&quot;; exit ${RV} )
&quot;coqdep&quot; -c -slash -R . CanonBDDs &quot;rauzy/algorithme1/Boolean_functions.v&quot; &gt; &quot;rauzy/algorithme1/Boolean_functions.v.d&quot; || ( RV=$?; rm -f &quot;rauzy/algorithme1/Boolean_functions.v.d&quot;; exit ${RV} )
&quot;coqdep&quot; -c -slash -R . CanonBDDs &quot;rauzy/algorithme1/BDTs.v&quot; &gt; &quot;rauzy/algorithme1/BDTs.v.d&quot; || ( RV=$?; rm -f &quot;rauzy/algorithme1/BDTs.v.d&quot;; exit ${RV} )
&quot;coqdep&quot; -c -slash -R . CanonBDDs &quot;rauzy/algorithmes_2_et_3/Primes.v&quot; &gt; &quot;rauzy/algorithmes_2_et_3/Primes.v.d&quot; || ( RV=$?; rm -f &quot;rauzy/algorithmes_2_et_3/Primes.v.d&quot;; exit ${RV} )
&quot;coqdep&quot; -c -slash -R . CanonBDDs &quot;rauzy/algorithmes_2_et_3/Prelude_Primes.v&quot; &gt; &quot;rauzy/algorithmes_2_et_3/Prelude_Primes.v.d&quot; || ( RV=$?; rm -f &quot;rauzy/algorithmes_2_et_3/Prelude_Primes.v.d&quot;; exit ${RV} )
&quot;coqdep&quot; -c -slash -R . CanonBDDs &quot;rauzy/algorithmes_2_et_3/Prelude_Paths.v&quot; &gt; &quot;rauzy/algorithmes_2_et_3/Prelude_Paths.v.d&quot; || ( RV=$?; rm -f &quot;rauzy/algorithmes_2_et_3/Prelude_Paths.v.d&quot;; exit ${RV} )
&quot;coqdep&quot; -c -slash -R . CanonBDDs &quot;rauzy/algorithmes_2_et_3/Prelude_Implicants.v&quot; &gt; &quot;rauzy/algorithmes_2_et_3/Prelude_Implicants.v.d&quot; || ( RV=$?; rm -f &quot;rauzy/algorithmes_2_et_3/Prelude_Implicants.v.d&quot;; exit ${RV} )
&quot;coqdep&quot; -c -slash -R . CanonBDDs &quot;rauzy/algorithmes_2_et_3/Monotony.v&quot; &gt; &quot;rauzy/algorithmes_2_et_3/Monotony.v.d&quot; || ( RV=$?; rm -f &quot;rauzy/algorithmes_2_et_3/Monotony.v.d&quot;; exit ${RV} )
&quot;coqdep&quot; -c -slash -R . CanonBDDs &quot;rauzy/algorithmes_2_et_3/Operator_W.v&quot; &gt; &quot;rauzy/algorithmes_2_et_3/Operator_W.v.d&quot; || ( RV=$?; rm -f &quot;rauzy/algorithmes_2_et_3/Operator_W.v.d&quot;; exit ${RV} )
&quot;coqc&quot;  -q  -R . CanonBDDs   rauzy/algorithme1/Prelude_BDT
&quot;coqc&quot;  -q  -R . CanonBDDs   rauzy/algorithme1/Boolean_functions
&quot;coqc&quot;  -q  -R . CanonBDDs   rauzy/algorithme1/BDTs
&quot;coqc&quot;  -q  -R . CanonBDDs   rauzy/algorithme1/Inductions
&quot;coqc&quot;  -q  -R . CanonBDDs   rauzy/algorithme1/Formula_to_BDT
&quot;coqc&quot;  -q  -R . CanonBDDs   rauzy/algorithme1/Canonicity
&quot;coqc&quot;  -q  -R . CanonBDDs   rauzy/algorithmes_2_et_3/Prelude_Paths
&quot;coqc&quot;  -q  -R . CanonBDDs   rauzy/algorithmes_2_et_3/Prelude_Implicants
&quot;coqc&quot;  -q  -R . CanonBDDs   rauzy/algorithmes_2_et_3/Monotony
&quot;coqc&quot;  -q  -R . CanonBDDs   rauzy/algorithmes_2_et_3/Operator_W
&quot;coqc&quot;  -q  -R . CanonBDDs   rauzy/algorithmes_2_et_3/Prelude_Primes
&quot;coqc&quot;  -q  -R . CanonBDDs   rauzy/algorithmes_2_et_3/Primes
&quot;coqc&quot;  -q  -R . CanonBDDs   canonicite/Prelude1
&quot;coqc&quot;  -q  -R . CanonBDDs   canonicite/Prelude0
&quot;coqc&quot;  -q  -R . CanonBDDs   canonicite/Finite_sets
&quot;coqc&quot;  -q  -R . CanonBDDs   canonicite/Order
&quot;coqc&quot;  -q  -R . CanonBDDs   canonicite/Vars
&quot;coqc&quot;  -q  -R . CanonBDDs   canonicite/Boolean_functions
&quot;coqc&quot;  -q  -R . CanonBDDs   canonicite/BDTs
&quot;coqc&quot;  -q  -R . CanonBDDs   canonicite/Complete_induction
&quot;coqc&quot;  -q  -R . CanonBDDs   canonicite/Canonicity_BDT
coqtop -q  -R . CanonBDDs   -silent -batch -load-vernac-source rauzy/algorithme1/extract.v
Warning: The extraction is currently set to bypass opacity,
the following opaque constant bodies have been accessed :
 And_BDT And_BDT_One_b2 And_BDT_Zero_b2 And_BDT_b1_One And_BDT_b1_Zero
 And_BDT_overloaded Inductions.BDT_matching1 Prelude_BDT.Compar Existence
 Existence_Not_BDT Inductions.Induction1 Not_BDT Op2_BDT_overloaded Or_BDT
 Or_BDT_One_b2 Or_BDT_Zero_b2 Or_BDT_b1_One Or_BDT_b1_Zero Or_BDT_overloaded
 Shtree_And Shtree_Fa Shtree_Not Shtree_Or Shtree_Tr Shtree_Var
 Inductions.Wf_ind1 BDTs.eq_BDT_decidable Inductions.ind1_ind2.
cd ./rauzy/algorithme1/extraction ; make all
make[1]: Entering directory &#39;/home/bench/.opam/system/build/coq:contrib:canon-bdds.8.4.dev/rauzy/algorithme1/extraction&#39;
ocamlopt -c suresnes.mli
ocamlyacc parser.mly
ocamlopt -c parser.mli
ocamlopt -c suresnes.ml	 
ocamllex lexer.mll
22 states, 358 transitions, table size 1564 bytes
ocamlopt -c lexer.ml	 
ocamlopt -c parser.ml	 
ocamlopt -c main.ml	 
ocamlopt -cclib -lunix -o suresnes unix.cmxa suresnes.cmx lexer.cmx parser.cmx main.cmx  
make[1]: Leaving directory &#39;/home/bench/.opam/system/build/coq:contrib:canon-bdds.8.4.dev/rauzy/algorithme1/extraction&#39;
***** test: checking the tautology ztwaalf1_be *****
./rauzy/algorithme1/extraction/suresnes rauzy/algorithme1/extraction/ztwaalf1_be
Tautology
******************** End of test ***********************
cd ./rauzy/algorithme1/extraction ; make all
make[1]: Entering directory &#39;/home/bench/.opam/system/build/coq:contrib:canon-bdds.8.4.dev/rauzy/algorithme1/extraction&#39;
make[1]: Nothing to be done for &#39;all&#39;.
make[1]: Leaving directory &#39;/home/bench/.opam/system/build/coq:contrib:canon-bdds.8.4.dev/rauzy/algorithme1/extraction&#39;
for i in rauzy/algorithmes_2_et_3/Operator_W.vo rauzy/algorithmes_2_et_3/Monotony.vo rauzy/algorithmes_2_et_3/Prelude_Implicants.vo rauzy/algorithmes_2_et_3/Prelude_Paths.vo rauzy/algorithmes_2_et_3/Prelude_Primes.vo rauzy/algorithmes_2_et_3/Primes.vo rauzy/algorithme1/BDTs.vo rauzy/algorithme1/Boolean_functions.vo rauzy/algorithme1/Canonicity.vo rauzy/algorithme1/Formula_to_BDT.vo rauzy/algorithme1/Inductions.vo rauzy/algorithme1/Prelude_BDT.vo canonicite/Prelude1.vo canonicite/Finite_sets.vo canonicite/Prelude0.vo canonicite/Order.vo canonicite/BDTs.vo canonicite/Vars.vo canonicite/Boolean_functions.vo canonicite/Complete_induction.vo canonicite/Canonicity_BDT.vo; do \
 install -d `dirname &quot;/home/bench/.opam/system/lib/coq/user-contrib&quot;/CanonBDDs/$i`; \
 install -m 0644 $i &quot;/home/bench/.opam/system/lib/coq/user-contrib&quot;/CanonBDDs/$i; \
done
cd ./rauzy/algorithme1/extraction &amp;&amp; make DSTROOT=&quot;&quot; INSTALLDEFAULTROOT=&quot;/./rauzy/algorithme1/extraction&quot; install
make[1]: Entering directory &#39;/home/bench/.opam/system/build/coq:contrib:canon-bdds.8.4.dev/rauzy/algorithme1/extraction&#39;
make[1]: Leaving directory &#39;/home/bench/.opam/system/build/coq:contrib:canon-bdds.8.4.dev/rauzy/algorithme1/extraction&#39;
make[1]: *** No rule to make target &#39;install&#39;.  Stop.
Makefile:242: recipe for target &#39;install&#39; failed
make: *** [install] Error 2
[ERROR] The compilation of coq:contrib:canon-bdds.8.4.dev failed.
Removing coq:contrib:canon-bdds.8.4.dev.
  rm -R /home/bench/.opam/system/lib/coq/user-contrib/canon-bdds
rm: cannot remove &#39;/home/bench/.opam/system/lib/coq/user-contrib/canon-bdds&#39;: No such file or directory
#=== ERROR while installing coq:contrib:canon-bdds.8.4.dev ====================#
# opam-version         1.2.0
# os                   linux
# command              make install
# path                 /home/bench/.opam/system/build/coq:contrib:canon-bdds.8.4.dev
# compiler             system (4.02.1)
# exit-code            2
# env-file             /home/bench/.opam/system/build/coq:contrib:canon-bdds.8.4.dev/coq:contrib:canon-bdds-25347-d2c37b.env
# stdout-file          /home/bench/.opam/system/build/coq:contrib:canon-bdds.8.4.dev/coq:contrib:canon-bdds-25347-d2c37b.out
# stderr-file          /home/bench/.opam/system/build/coq:contrib:canon-bdds.8.4.dev/coq:contrib:canon-bdds-25347-d2c37b.err
### stdout ###
# ...[truncated]
# make[1]: Nothing to be done for &#39;all&#39;.
# make[1]: Leaving directory &#39;/home/bench/.opam/system/build/coq:contrib:canon-bdds.8.4.dev/rauzy/algorithme1/extraction&#39;
# for i in rauzy/algorithmes_2_et_3/Operator_W.vo rauzy/algorithmes_2_et_3/Monotony.vo rauzy/algorithmes_2_et_3/Prelude_Implicants.vo rauzy/algorithmes_2_et_3/Prelude_Paths.vo rauzy/algorithmes_2_et_3/Prelude_Primes.vo rauzy/algorithmes_2_et_3/Primes.vo rauzy/algorithme1/BDTs.vo rauzy/algorithme1/Boolean_functions.vo rauzy/algorithme1/Canonicity.vo rauzy/algorithme1/Formula_to_BDT.vo rauzy/algorithme1/Inductions.vo rauzy/algorithme1/Prelude_BDT.vo canonicite/Prelude1.vo canonicite/Finite_sets.vo canonicite/Prelude0.vo canonicite/Order.vo canonicite/BDTs.vo canonicite/Vars.vo canonicite/Boolean_functions.vo canonicite/Complete_induction.vo canonicite/Canonicity_BDT.vo; do \
#  install -d `dirname &quot;/home/bench/.opam/system/lib/coq/user-contrib&quot;/CanonBDDs/$i`; \
#  install -m 0644 $i &quot;/home/bench/.opam/system/lib/coq/user-contrib&quot;/CanonBDDs/$i; \
# done
# cd ./rauzy/algorithme1/extraction &amp;&amp; make DSTROOT=&quot;&quot; INSTALLDEFAULTROOT=&quot;/./rauzy/algorithme1/extraction&quot; install
# make[1]: Entering directory &#39;/home/bench/.opam/system/build/coq:contrib:canon-bdds.8.4.dev/rauzy/algorithme1/extraction&#39;
# make[1]: Leaving directory &#39;/home/bench/.opam/system/build/coq:contrib:canon-bdds.8.4.dev/rauzy/algorithme1/extraction&#39;
# Makefile:242: recipe for target &#39;install&#39; failed
### stderr ###
# ...[truncated]
# the following opaque constant bodies have been accessed :
#  And_BDT And_BDT_One_b2 And_BDT_Zero_b2 And_BDT_b1_One And_BDT_b1_Zero
#  And_BDT_overloaded Inductions.BDT_matching1 Prelude_BDT.Compar Existence
#  Existence_Not_BDT Inductions.Induction1 Not_BDT Op2_BDT_overloaded Or_BDT
#  Or_BDT_One_b2 Or_BDT_Zero_b2 Or_BDT_b1_One Or_BDT_b1_Zero Or_BDT_overloaded
#  Shtree_And Shtree_Fa Shtree_Not Shtree_Or Shtree_Tr Shtree_Var
#  Inductions.Wf_ind1 BDTs.eq_BDT_decidable Inductions.ind1_ind2.
# 
# make[1]: *** No rule to make target &#39;install&#39;.  Stop.
# make: *** [install] Error 2
&#39;opam install -y --verbose coq:contrib:canon-bdds.8.4.dev&#39; failed.
</pre></dd>
            </dl>
            <h2>Installation size</h2>
            <p>No files were installed.</p>
            <h2>Uninstall</h2>
            <dl class="dl-horizontal">
              <dt>Command</dt>
              <dd><code>true</code></dd>
              <dt>Return code</dt>
              <dd>0</dd>
              <dt>Duration</dt>
              <dd>0 s</dd>
              <dt>Missing removes</dt>
              <dd>
                none
              </dd>
              <dt>Wrong removes</dt>
              <dd>
                none
              </dd>
            </dl>
          </div>
        </div>
      </div>
      <hr/>
      <div class="footer">
        <p class="text-center">
          <small>Sources are on <a href="https://github.com/coq-bench">GitHub</a>. © Guillaume Claret.</small>
        </p>
      </div>
    </div>
    <script src="https://ajax.googleapis.com/ajax/libs/jquery/1.11.1/jquery.min.js"></script>
    <script src="../../../../../bootstrap.min.js"></script>
  </body>
</html>