<!DOCTYPE html>
<html lang="en">
  <head>
    <meta charset="utf-8">
    <meta name="viewport" content="width=device-width, initial-scale=1">
    <title>Coq bench</title>
    <link rel="shortcut icon" type="image/png" href="../../../../../favicon.png" />
    <link href="../../../../../bootstrap.min.css" rel="stylesheet">
    <link href="//maxcdn.bootstrapcdn.com/font-awesome/4.2.0/css/font-awesome.min.css" rel="stylesheet">
    <script src="../../../../../moment.min.js"></script>
    <!-- HTML5 Shim and Respond.js IE8 support of HTML5 elements and media queries -->
    <!-- WARNING: Respond.js doesn't work if you view the page via file:// -->
    <!--[if lt IE 9]>
      <script src="https://oss.maxcdn.com/html5shiv/3.7.2/html5shiv.min.js"></script>
      <script src="https://oss.maxcdn.com/respond/1.4.2/respond.min.js"></script>
    <![endif]-->
  </head>
  <body>
    <div class="container">
      <div class="navbar navbar-default" role="navigation">
        <div class="container-fluid">
          <div class="navbar-header">
            <button type="button" class="navbar-toggle collapsed" data-toggle="collapse" data-target="#navbar" aria-expanded="false" aria-controls="navbar">
              <span class="sr-only">Toggle navigation</span>
              <span class="icon-bar"></span>
              <span class="icon-bar"></span>
              <span class="icon-bar"></span>
            </button>
            <a class="navbar-brand" href="../../../../.."><i class="fa fa-lg fa-flag-checkered"></i> Coq bench</a>
          </div>
          <div id="navbar" class="collapse navbar-collapse">
            <ul class="nav navbar-nav">
              <li><a href="../../..">Unstable</a></li>
              <li><a href=".">8.4.dev / moment dev</a></li>
              <li class="active"><a href="">2014-12-03 22:27:58</a></li>
            </ul>
            <ul class="nav navbar-nav navbar-right">
              <li><a href="../../../../../about.html">About</a></li>
            </ul>
          </div>
        </div>
      </div>
      <div class="article">
        <div class="row">
          <div class="col-md-12">
            <a href=".">« Up</a>
            <h1>
              moment
              <small>
                dev
                <span class="label label-danger">Error</span>
              </small>
            </h1>
            <p><em><script>document.write(moment("2014-12-03 22:27:58 +0000", "YYYY-MM-DD HH:mm:ss Z").fromNow());</script> (2014-12-03 22:27:58 UTC)</em><p>
            <h2>Lint</h2>
            <dl class="dl-horizontal">
              <dt>Command</dt>
              <dd><code>ruby lint.rb unstable ../unstable/packages/coq:moment/coq:moment.dev</code></dd>
              <dt>Return code</dt>
              <dd>0</dd>
              <dt>Duration</dt>
              <dd>0 s</dd>
              <dt>Output</dt>
              <dd><pre>The package is valid.
</pre></dd>
            </dl>
            <h2>Dry install</h2>
            <p>Dry install with the current Coq version:</p>
            <dl class="dl-horizontal">
              <dt>Command</dt>
              <dd><code>opam install -y --dry-run coq:moment.dev coq.8.4.dev</code></dd>
              <dt>Return code</dt>
              <dd>0</dd>
              <dt>Duration</dt>
              <dd>1 s</dd>
              <dt>Output</dt>
              <dd><pre>[NOTE] Package coq is already installed (current version is 8.4.dev).
The following actions will be performed:
 - install   coq:error-handlers.dev                [required by coq:moment]
 - install   coq:list-string.1.0.0                 [required by coq:moment]
 - install   coq:function-ninjas.dev               [required by coq:moment]
 - install   coq:moment.dev
=== 4 to install ===
=-=- Synchronizing package archives -=-=-=-=-=-=-=-=-=-=-=-=-=-=-=-=-=-=-=-=-=-=
=-=- Installing packages =-=-=-=-=-=-=-=-=-=-=-=-=-=-=-=-=-=-=-=-=-=-=-=-=-=-=-=
Building coq:error-handlers.dev:
  ./configure.sh
  make -j4
  make install
Installing coq:error-handlers.dev.
Building coq:function-ninjas.dev:
  ./configure.sh
  make -j4
  make install
Installing coq:function-ninjas.dev.
Building coq:list-string.1.0.0:
  ./configure.sh
  make -j4
  make install
Installing coq:list-string.1.0.0.
Building coq:moment.dev:
  ruby pp.rb
  ./configure.sh
  make -j4
  make install
Installing coq:moment.dev.
</pre></dd>
            </dl>
            <p>Dry install without Coq, to test if the problem was incompatibility with the current Coq version:</p>
            <dl class="dl-horizontal">
              <dt>Command</dt>
              <dd><code>true</code></dd>
              <dt>Return code</dt>
              <dd>0</dd>
              <dt>Duration</dt>
              <dd>0 s</dd>
              <dt>Output</dt>
              <dd><pre></pre></dd>
            </dl>
            <h2>Install dependencies</h2>
            <dl class="dl-horizontal">
              <dt>Command</dt>
              <dd><code>opam install -y --deps-only coq:moment.dev</code></dd>
              <dt>Return code</dt>
              <dd>0</dd>
              <dt>Duration</dt>
              <dd>7 s</dd>
              <dt>Output</dt>
              <dd><pre>The following actions will be performed:
 - install   coq:error-handlers.dev                [required by coq:moment]
 - install   coq:list-string.1.0.0                 [required by coq:moment]
 - install   coq:function-ninjas.dev               [required by coq:moment]
=== 3 to install ===
=-=- Synchronizing package archives -=-=-=-=-=-=-=-=-=-=-=-=-=-=-=-=-=-=-=-=-=-=
[coq:error-handlers.dev] Downloading https://github.com/clarus/coq-error-handlers/archive/master.tar.gz
[coq:function-ninjas.dev] Downloading https://github.com/clarus/coq-function-ninjas/archive/master.tar.gz
[coq:list-string.1.0.0] Downloading https://github.com/clarus/coq-list-string/archive/1.0.0.tar.gz
=-=- Installing packages =-=-=-=-=-=-=-=-=-=-=-=-=-=-=-=-=-=-=-=-=-=-=-=-=-=-=-=
Building coq:error-handlers.dev:
  ./configure.sh
  make -j4
  make install
Building coq:function-ninjas.dev:
  ./configure.sh
  make -j4
  make install
Building coq:list-string.1.0.0:
  ./configure.sh
  make -j4
  make install
Installing coq:error-handlers.dev.
Installing coq:function-ninjas.dev.
Installing coq:list-string.1.0.0.
</pre></dd>
            </dl>
            <h2>Install</h2>
            <dl class="dl-horizontal">
              <dt>Command</dt>
              <dd><code>opam install -y --verbose coq:moment.dev</code></dd>
              <dt>Return code</dt>
              <dd>1024</dd>
              <dt>Duration</dt>
              <dd>6 s</dd>
              <dt>Output</dt>
              <dd><pre>The following actions will be performed:
 - install   coq:moment.dev
=== 1 to install ===
=-=- Synchronizing package archives -=-=-=-=-=-=-=-=-=-=-=-=-=-=-=-=-=-=-=-=-=-=
[coq:moment.dev] Downloading https://github.com/clarus/coq-moment/archive/master.tar.gz
  % Total    % Received % Xferd  Average Speed   Time    Time     Time  Current
                                 Dload  Upload   Total   Spent    Left  Speed
  0     0    0     0    0     0      0      0 --:--:-- --:--:-- --:--:--     0  0     0    0     0    0     0      0      0 --:--:-- --:--:-- --:--:--     0100   125    0   125    0     0    138      0 --:--:-- --:--:-- --:--:--   138
  0     0    0  7257    0     0   5291      0 --:--:--  0:00:01 --:--:--  5291
200
=-=- Installing packages =-=-=-=-=-=-=-=-=-=-=-=-=-=-=-=-=-=-=-=-=-=-=-=-=-=-=-=
Building coq:moment.dev:
  ruby pp.rb
  ./configure.sh
  make -j4
  make install
Date.v.erb
&quot;coqdep&quot; -c -slash -R . Moment &quot;All.v&quot; &gt; &quot;All.v.d&quot; || ( RV=$?; rm -f &quot;All.v.d&quot;; exit ${RV} )
&quot;coqdep&quot; -c -slash -R . Moment &quot;Date.v&quot; &gt; &quot;Date.v.d&quot; || ( RV=$?; rm -f &quot;Date.v.d&quot;; exit ${RV} )
&quot;coqdep&quot; -c -slash -R . Moment &quot;Moment.v&quot; &gt; &quot;Moment.v.d&quot; || ( RV=$?; rm -f &quot;Moment.v.d&quot;; exit ${RV} )
&quot;coqdep&quot; -c -slash -R . Moment &quot;TestHelpers.v&quot; &gt; &quot;TestHelpers.v.d&quot; || ( RV=$?; rm -f &quot;TestHelpers.v.d&quot;; exit ${RV} )
&quot;coqdep&quot; -c -slash -R . Moment &quot;Time.v&quot; &gt; &quot;Time.v.d&quot; || ( RV=$?; rm -f &quot;Time.v.d&quot;; exit ${RV} )
&quot;coqc&quot;  -q  -R . Moment   TestHelpers
&quot;coqc&quot;  -q  -R . Moment   Time
&quot;coqc&quot;  -q  -R . Moment   Date
File &quot;/home/bench/.opam/system/build/coq:moment.dev/Time.v&quot;, line 39, characters 22-29:
Error: In environment
padding : option ascii
time : t
The term &quot;padding&quot; has type &quot;option ascii&quot; while it is expected to have type
 &quot;N&quot;.
make: *** [Time.vo] Error 1
make: *** Waiting for unfinished jobs....
File &quot;/home/bench/.opam/system/build/coq:moment.dev/Date.v&quot;, line 422, characters 27-34:
Error: In environment
digits : nat
padding : option ascii
date : t
The term &quot;padding&quot; has type &quot;option ascii&quot; while it is expected to have type
 &quot;N&quot;.
make: *** [Date.vo] Error 1
[ERROR] The compilation of coq:moment.dev failed.
Removing coq:moment.dev.
  rm -R /home/bench/.opam/system/lib/coq/user-contrib/Moment
rm: cannot remove '/home/bench/.opam/system/lib/coq/user-contrib/Moment': No such file or directory
#=== ERROR while installing coq:moment.dev ====================================#
# opam-version         1.2.0
# os                   linux
# command              make -j4
# path                 /home/bench/.opam/system/build/coq:moment.dev
# compiler             system (4.02.1)
# exit-code            2
# env-file             /home/bench/.opam/system/build/coq:moment.dev/coq:moment-14045-ffb3fd.env
# stdout-file          /home/bench/.opam/system/build/coq:moment.dev/coq:moment-14045-ffb3fd.out
# stderr-file          /home/bench/.opam/system/build/coq:moment.dev/coq:moment-14045-ffb3fd.err
### stdout ###
# ...[truncated]
# time : t
# The term &quot;padding&quot; has type &quot;option ascii&quot; while it is expected to have type
#  &quot;N&quot;.
# File &quot;/home/bench/.opam/system/build/coq:moment.dev/Date.v&quot;, line 422, characters 27-34:
# Error: In environment
# digits : nat
# padding : option ascii
# date : t
# The term &quot;padding&quot; has type &quot;option ascii&quot; while it is expected to have type
#  &quot;N&quot;.
### stderr ###
# make: *** [Time.vo] Error 1
# make: *** Waiting for unfinished jobs....
# make: *** [Date.vo] Error 1
'opam install -y --verbose coq:moment.dev' failed.
</pre></dd>
            </dl>
            <h2>Installation size</h2>
            <p>No files were installed.</p>
            <h2>Uninstall</h2>
            <dl class="dl-horizontal">
              <dt>Command</dt>
              <dd><code>true</code></dd>
              <dt>Return code</dt>
              <dd>0</dd>
              <dt>Duration</dt>
              <dd>0 s</dd>
              <dt>Output</dt>
              <dd><pre></pre></dd>
              <dt>Missing removes</dt>
              <dd>
                none
              </dd>
              <dt>Wrong removes</dt>
              <dd>
                none
              </dd>
            </dl>
          </div>
        </div>
      </div>
      <hr/>
      <div class="footer">
        <p class="text-center">
          <small>Sources are on <a href="https://github.com/coq-bench">GitHub</a>. © Guillaume Claret.</small>
        </p>
      </div>
    </div>
    <script src="https://ajax.googleapis.com/ajax/libs/jquery/1.11.1/jquery.min.js"></script>
    <script src="../../../../../bootstrap.min.js"></script>
  </body>
</html>